[2023-02-08 23:23:39,107] multiqc                                            [DEBUG  ]  No MultiQC config found: /opt/anaconda3/lib/python3.8/site-packages/multiqc_config.yaml
[2023-02-08 23:23:39,107] multiqc                                            [DEBUG  ]  No MultiQC config found: /home/Nikita.Vaulin/.multiqc_config.yaml
[2023-02-08 23:23:39,108] multiqc                                            [DEBUG  ]  No MultiQC config found: multiqc_config.yaml
[2023-02-08 23:23:39,108] multiqc                                            [DEBUG  ]  Loading config settings from: /home/i.pletenev/multiqc_config.yaml
[2023-02-08 23:23:39,108] multiqc                                            [DEBUG  ]  New config 'top_modules': ['fastqc', 'fastp', 'bowtie2', 'samtools', 'picard']
[2023-02-08 23:23:39,109] multiqc                                            [DEBUG  ]  Command used: /opt/anaconda3/bin/multiqc /home/Nikita.Vaulin/Omics/lesson2/ -c /home/i.pletenev/multiqc_config.yaml
[2023-02-08 23:23:39,559] multiqc                                            [WARNING]  MultiQC Version v1.14 now available!
[2023-02-08 23:23:39,559] multiqc                                            [INFO   ]  This is MultiQC v1.10.1
[2023-02-08 23:23:39,559] multiqc                                            [DEBUG  ]  Command     : /opt/anaconda3/bin/multiqc /home/Nikita.Vaulin/Omics/lesson2/ -c /home/i.pletenev/multiqc_config.yaml
[2023-02-08 23:23:39,559] multiqc                                            [DEBUG  ]  Working dir : /home/Nikita.Vaulin/Omics/lesson2
[2023-02-08 23:23:39,559] multiqc                                            [INFO   ]  Template    : default
[2023-02-08 23:23:39,559] multiqc                                            [DEBUG  ]  Running Python 3.8.5 (default, Sep  4 2020, 07:30:14)  [GCC 7.3.0]
[2023-02-08 23:23:39,559] multiqc                                            [INFO   ]  Searching   : /home/Nikita.Vaulin/Omics/lesson2
[2023-02-08 23:23:39,560] multiqc                                            [DEBUG  ]  Analysing modules: fastqc, fastp, bowtie2, samtools, picard, custom_content, ngsderive, purple, conpair, peddy, somalier, methylQA, mosdepth, phantompeakqualtools, qualimap, preseq, quast, qorts, rna_seqc, rockhopper, rsem, rseqc, busco, goleft_indexcov, disambiguate, supernova, deeptools, sargasso, verifybamid, mirtrace, happy, mirtop, homer, hops, macs2, theta2, snpeff, gatk, htseq, bcftools, featureCounts, fgbio, dragen, dedup, damageprofiler, biobambam2, jcvi, mtnucratio, sentieon, prokka, qc3C, samblaster, sexdeterrmine, eigenstratdatabasetools, bamtools, jellyfish, vcftools, longranger, stacks, varscan2, bbmap, bismark, biscuit, hicexplorer, hicup, hicpro, salmon, kallisto, slamdunk, star, hisat2, tophat, bowtie1, snpsplit, kat, leehom, adapterRemoval, clipandmerge, cutadapt, flexbar, kaiju, kraken, malt, trimmomatic, sickle, skewer, sortmerna, biobloomtools, fastq_screen, afterqc, pychopper, pycoqc, minionqc, multivcfanalyzer, clusterflow, bcl2fastq, interop, ivar, flash, seqyclean, optitype
[2023-02-08 23:23:39,560] multiqc                                            [DEBUG  ]  Using temporary directory for creating report: /tmp/tmp55mzp2jv
[2023-02-08 23:23:39,639] multiqc                                            [DEBUG  ]  Ignoring file as matched an ignore pattern: SRR13964607_1.fastq
[2023-02-08 23:23:39,639] multiqc                                            [DEBUG  ]  Ignoring file as matched an ignore pattern: SRR13964607_2.fastq
[2023-02-08 23:23:39,664] multiqc                                            [DEBUG  ]  Ignoring file as matched an ignore pattern: SRR13964645_1.fastq.gz
[2023-02-08 23:23:39,664] multiqc                                            [DEBUG  ]  Ignoring file as matched an ignore pattern: SRR13964636_2.fastq.gz
[2023-02-08 23:23:39,664] multiqc                                            [DEBUG  ]  Ignoring file as matched an ignore pattern: SRR13964644_1.fastq.gz
[2023-02-08 23:23:39,664] multiqc                                            [DEBUG  ]  Ignoring file as matched an ignore pattern: SRR13964605_1.fastq.gz
[2023-02-08 23:23:39,664] multiqc                                            [DEBUG  ]  Ignoring file as matched an ignore pattern: SRR13964607_1.fastq.gz
[2023-02-08 23:23:39,664] multiqc                                            [DEBUG  ]  Ignoring file as matched an ignore pattern: SRR13964644_2.fastq.gz
[2023-02-08 23:23:39,664] multiqc                                            [DEBUG  ]  Ignoring file as matched an ignore pattern: SRR13964638_2.fastq.gz
[2023-02-08 23:23:39,664] multiqc                                            [DEBUG  ]  Ignoring file as matched an ignore pattern: SRR13964637_2.fastq.gz
[2023-02-08 23:23:39,665] multiqc                                            [DEBUG  ]  Ignoring file as matched an ignore pattern: SRR13964605_2.fastq.gz
[2023-02-08 23:23:39,665] multiqc                                            [DEBUG  ]  Ignoring file as matched an ignore pattern: SRR13964608_2.fastq.gz
[2023-02-08 23:23:39,665] multiqc                                            [DEBUG  ]  Ignoring file as matched an ignore pattern: SRR13964641_1.fastq.gz
[2023-02-08 23:23:39,665] multiqc                                            [DEBUG  ]  Ignoring file as matched an ignore pattern: SRR13964643_1.fastq.gz
[2023-02-08 23:23:39,665] multiqc                                            [DEBUG  ]  Ignoring file as matched an ignore pattern: SRR13964645_2.fastq.gz
[2023-02-08 23:23:39,671] multiqc                                            [DEBUG  ]  Ignoring file as matched an ignore pattern: SRR13964639_1.fastq.gz
[2023-02-08 23:23:39,671] multiqc                                            [DEBUG  ]  Ignoring file as matched an ignore pattern: SRR13964642_1.fastq.gz
[2023-02-08 23:23:39,671] multiqc                                            [DEBUG  ]  Ignoring file as matched an ignore pattern: SRR13964640_2.fastq.gz
[2023-02-08 23:23:39,671] multiqc                                            [DEBUG  ]  Ignoring file as matched an ignore pattern: SRR13964604_1.fastq.gz
[2023-02-08 23:23:39,671] multiqc                                            [DEBUG  ]  Ignoring file as matched an ignore pattern: SRR13964638_1.fastq.gz
[2023-02-08 23:23:39,671] multiqc                                            [DEBUG  ]  Ignoring file as matched an ignore pattern: SRR13964637_1.fastq.gz
[2023-02-08 23:23:39,671] multiqc                                            [DEBUG  ]  Ignoring file as matched an ignore pattern: SRR13964640_1.fastq.gz
[2023-02-08 23:23:39,671] multiqc                                            [DEBUG  ]  Ignoring file as matched an ignore pattern: SRR13964641_2.fastq.gz
[2023-02-08 23:23:39,671] multiqc                                            [DEBUG  ]  Ignoring file as matched an ignore pattern: SRR13964636_1.fastq.gz
[2023-02-08 23:23:39,671] multiqc                                            [DEBUG  ]  Ignoring file as matched an ignore pattern: SRR13964604_2.fastq.gz
[2023-02-08 23:23:39,671] multiqc                                            [DEBUG  ]  Ignoring file as matched an ignore pattern: SRR13964607_2.fastq.gz
[2023-02-08 23:23:39,672] multiqc                                            [DEBUG  ]  Ignoring file as matched an ignore pattern: SRR13964639_2.fastq.gz
[2023-02-08 23:23:39,672] multiqc                                            [DEBUG  ]  Ignoring file as matched an ignore pattern: SRR13964608_1.fastq.gz
[2023-02-08 23:23:39,672] multiqc                                            [DEBUG  ]  Ignoring file as matched an ignore pattern: SRR13964642_2.fastq.gz
[2023-02-08 23:23:39,672] multiqc                                            [DEBUG  ]  Ignoring file as matched an ignore pattern: SRR13964606_1.fastq.gz
[2023-02-08 23:23:39,672] multiqc                                            [DEBUG  ]  Ignoring file as matched an ignore pattern: SRR13964643_2.fastq.gz
[2023-02-08 23:23:39,672] multiqc                                            [DEBUG  ]  Ignoring file as matched an ignore pattern: SRR13964606_2.fastq.gz
[2023-02-08 23:23:39,672] multiqc                                            [DEBUG  ]  Ignoring file as matched an ignore pattern: R2_processed.fastq
[2023-02-08 23:23:39,672] multiqc                                            [DEBUG  ]  Ignoring file as matched an ignore pattern: R1_processed.fastq
[2023-02-08 23:23:39,672] multiqc                                            [DEBUG  ]  Ignoring file as matched an ignore pattern: fastp.html
[2023-02-08 23:23:39,677] multiqc                                            [DEBUG  ]  File ignored by hicexplorer because it exceeded search pattern filesize limit: SRR13964607_2_fastqc.html
[2023-02-08 23:23:39,679] multiqc                                            [DEBUG  ]  File ignored by longranger/invocation because it exceeded search pattern filesize limit: SRR13964607_2_fastqc.html
[2023-02-08 23:23:39,679] multiqc                                            [DEBUG  ]  File ignored by rockhopper because it exceeded search pattern filesize limit: SRR13964607_2_fastqc.html
[2023-02-08 23:23:39,679] multiqc                                            [DEBUG  ]  File ignored by rseqc/bam_stat because it exceeded search pattern filesize limit: SRR13964607_2_fastqc.html
[2023-02-08 23:23:39,679] multiqc                                            [DEBUG  ]  File ignored by rseqc/junction_annotation because it exceeded search pattern filesize limit: SRR13964607_2_fastqc.html
[2023-02-08 23:23:39,679] multiqc                                            [DEBUG  ]  File ignored by rseqc/read_distribution because it exceeded search pattern filesize limit: SRR13964607_2_fastqc.html
[2023-02-08 23:23:39,679] multiqc                                            [DEBUG  ]  File ignored by rseqc/infer_experiment because it exceeded search pattern filesize limit: SRR13964607_2_fastqc.html
[2023-02-08 23:23:39,753] multiqc                                            [DEBUG  ]  File ignored by hicexplorer because it exceeded search pattern filesize limit: SRR13964607_1_fastqc.html
[2023-02-08 23:23:39,754] multiqc                                            [DEBUG  ]  File ignored by longranger/invocation because it exceeded search pattern filesize limit: SRR13964607_1_fastqc.html
[2023-02-08 23:23:39,754] multiqc                                            [DEBUG  ]  File ignored by rockhopper because it exceeded search pattern filesize limit: SRR13964607_1_fastqc.html
[2023-02-08 23:23:39,754] multiqc                                            [DEBUG  ]  File ignored by rseqc/bam_stat because it exceeded search pattern filesize limit: SRR13964607_1_fastqc.html
[2023-02-08 23:23:39,754] multiqc                                            [DEBUG  ]  File ignored by rseqc/junction_annotation because it exceeded search pattern filesize limit: SRR13964607_1_fastqc.html
[2023-02-08 23:23:39,754] multiqc                                            [DEBUG  ]  File ignored by rseqc/read_distribution because it exceeded search pattern filesize limit: SRR13964607_1_fastqc.html
[2023-02-08 23:23:39,754] multiqc                                            [DEBUG  ]  File ignored by rseqc/infer_experiment because it exceeded search pattern filesize limit: SRR13964607_1_fastqc.html
[2023-02-08 23:23:39,812] multiqc                                            [DEBUG  ]  File ignored by hicexplorer because it exceeded search pattern filesize limit: SRR13964607_ce11.bw
[2023-02-08 23:23:39,813] multiqc                                            [DEBUG  ]  File ignored by longranger/invocation because it exceeded search pattern filesize limit: SRR13964607_ce11.bw
[2023-02-08 23:23:39,813] multiqc                                            [DEBUG  ]  File ignored by rockhopper because it exceeded search pattern filesize limit: SRR13964607_ce11.bw
[2023-02-08 23:23:39,813] multiqc                                            [DEBUG  ]  File ignored by rseqc/bam_stat because it exceeded search pattern filesize limit: SRR13964607_ce11.bw
[2023-02-08 23:23:39,813] multiqc                                            [DEBUG  ]  File ignored by rseqc/junction_annotation because it exceeded search pattern filesize limit: SRR13964607_ce11.bw
[2023-02-08 23:23:39,813] multiqc                                            [DEBUG  ]  File ignored by rseqc/read_distribution because it exceeded search pattern filesize limit: SRR13964607_ce11.bw
[2023-02-08 23:23:39,813] multiqc                                            [DEBUG  ]  File ignored by rseqc/infer_experiment because it exceeded search pattern filesize limit: SRR13964607_ce11.bw
[2023-02-08 23:23:39,813] multiqc                                            [DEBUG  ]  File ignored by snpeff because it exceeded search pattern filesize limit: SRR13964607_ce11.bw
[2023-02-08 23:23:39,813] multiqc                                            [DEBUG  ]  File ignored by stacks/sumstats because it exceeded search pattern filesize limit: SRR13964607_ce11.bw
[2023-02-08 23:23:39,817] multiqc                                            [DEBUG  ]  File ignored by hicexplorer because it exceeded search pattern filesize limit: marked_dup_metrics.txt
[2023-02-08 23:23:39,818] multiqc                                            [DEBUG  ]  File ignored by longranger/invocation because it exceeded search pattern filesize limit: marked_dup_metrics.txt
[2023-02-08 23:23:39,822] multiqc                                            [DEBUG  ]  Ignoring file as matched an ignore pattern: SRR13964607_ce11.filtered.bam.bai
[2023-02-08 23:23:39,824] multiqc                                            [DEBUG  ]  File ignored by hicexplorer because it exceeded search pattern filesize limit: SRR13964607_ce11.stats
[2023-02-08 23:23:39,825] multiqc                                            [DEBUG  ]  File ignored by longranger/invocation because it exceeded search pattern filesize limit: SRR13964607_ce11.stats
[2023-02-08 23:23:39,869] multiqc                                            [DEBUG  ]  Ignoring file as matched an ignore pattern: SRR13964607_ce11.filtered.bam
[2023-02-08 23:23:40,081] multiqc.plots.linegraph                            [DEBUG  ]  Using matplotlib version 3.3.2
[2023-02-08 23:23:40,081] multiqc.plots.bargraph                             [DEBUG  ]  Using matplotlib version 3.3.2
[2023-02-08 23:23:40,163] multiqc.modules.fastqc.fastqc                      [INFO   ]  Found 2 reports
[2023-02-08 23:23:40,208] multiqc.modules.fastp.fastp                        [DEBUG  ]  No duplication rate plot data: fastp.json
[2023-02-08 23:23:40,208] multiqc.modules.fastp.fastp                        [INFO   ]  Found 1 reports
[2023-02-08 23:23:40,217] multiqc.modules.bowtie2.bowtie2                    [INFO   ]  Found 1 reports
[2023-02-08 23:23:40,226] multiqc.modules.samtools.samtools                  [INFO   ]  Found 1 stats reports
[2023-02-08 23:23:40,230] multiqc.modules.samtools.samtools                  [INFO   ]  Found 2 flagstat reports
[2023-02-08 23:23:40,239] multiqc.modules.picard.picard                      [INFO   ]  Found 1 MarkDuplicates reports
[2023-02-08 23:23:40,243] multiqc                                            [DEBUG  ]  No samples found: custom_content
[2023-02-08 23:23:40,246] multiqc                                            [DEBUG  ]  No samples found: ngsderive
[2023-02-08 23:23:40,249] multiqc                                            [DEBUG  ]  No samples found: purple
[2023-02-08 23:23:40,252] multiqc                                            [DEBUG  ]  No samples found: conpair
[2023-02-08 23:23:40,256] multiqc                                            [DEBUG  ]  No samples found: peddy
[2023-02-08 23:23:40,259] multiqc                                            [DEBUG  ]  No samples found: somalier
[2023-02-08 23:23:40,262] multiqc                                            [DEBUG  ]  No samples found: methylQA
[2023-02-08 23:23:40,266] multiqc                                            [DEBUG  ]  No samples found: mosdepth
[2023-02-08 23:23:40,269] multiqc                                            [DEBUG  ]  No samples found: phantompeakqualtools
[2023-02-08 23:23:40,272] multiqc                                            [DEBUG  ]  No samples found: qualimap
[2023-02-08 23:23:40,275] multiqc                                            [DEBUG  ]  No samples found: preseq
[2023-02-08 23:23:40,279] multiqc                                            [DEBUG  ]  No samples found: quast
[2023-02-08 23:23:40,282] multiqc                                            [DEBUG  ]  No samples found: qorts
[2023-02-08 23:23:40,285] multiqc                                            [DEBUG  ]  No samples found: rna_seqc
[2023-02-08 23:23:40,288] multiqc                                            [DEBUG  ]  No samples found: rockhopper
[2023-02-08 23:23:40,291] multiqc                                            [DEBUG  ]  No samples found: rsem
[2023-02-08 23:23:40,296] multiqc                                            [DEBUG  ]  No samples found: rseqc
[2023-02-08 23:23:40,299] multiqc                                            [DEBUG  ]  No samples found: busco
[2023-02-08 23:23:40,302] multiqc                                            [DEBUG  ]  No samples found: goleft_indexcov
[2023-02-08 23:23:40,305] multiqc                                            [DEBUG  ]  No samples found: disambiguate
[2023-02-08 23:23:40,308] multiqc                                            [DEBUG  ]  No samples found: supernova
[2023-02-08 23:23:40,313] multiqc                                            [DEBUG  ]  No samples found: deeptools
[2023-02-08 23:23:40,316] multiqc                                            [DEBUG  ]  No samples found: sargasso
[2023-02-08 23:23:40,319] multiqc                                            [DEBUG  ]  No samples found: verifybamid
[2023-02-08 23:23:40,323] multiqc                                            [DEBUG  ]  No samples found: mirtrace
[2023-02-08 23:23:40,326] multiqc                                            [DEBUG  ]  No samples found: happy
[2023-02-08 23:23:40,329] multiqc                                            [DEBUG  ]  No samples found: mirtop
[2023-02-08 23:23:40,333] multiqc                                            [DEBUG  ]  No samples found: homer
[2023-02-08 23:23:40,336] multiqc                                            [DEBUG  ]  No samples found: hops
[2023-02-08 23:23:40,339] multiqc                                            [DEBUG  ]  No samples found: macs2
[2023-02-08 23:23:40,342] multiqc                                            [DEBUG  ]  No samples found: theta2
[2023-02-08 23:23:40,345] multiqc                                            [DEBUG  ]  No samples found: snpeff
[2023-02-08 23:23:40,349] multiqc                                            [DEBUG  ]  No samples found: gatk
[2023-02-08 23:23:40,352] multiqc                                            [DEBUG  ]  No samples found: htseq
[2023-02-08 23:23:40,355] multiqc                                            [DEBUG  ]  No samples found: bcftools
[2023-02-08 23:23:40,358] multiqc                                            [DEBUG  ]  No samples found: featureCounts
[2023-02-08 23:23:40,362] multiqc                                            [DEBUG  ]  No samples found: fgbio
[2023-02-08 23:23:40,367] multiqc                                            [DEBUG  ]  No samples found: dragen
[2023-02-08 23:23:40,370] multiqc                                            [DEBUG  ]  No samples found: dedup
[2023-02-08 23:23:40,373] multiqc                                            [DEBUG  ]  No samples found: damageprofiler
[2023-02-08 23:23:40,377] multiqc                                            [DEBUG  ]  No samples found: biobambam2
[2023-02-08 23:23:40,380] multiqc                                            [DEBUG  ]  No samples found: jcvi
[2023-02-08 23:23:40,383] multiqc                                            [DEBUG  ]  No samples found: mtnucratio
[2023-02-08 23:23:40,387] multiqc                                            [DEBUG  ]  No samples found: sentieon
[2023-02-08 23:23:40,390] multiqc                                            [DEBUG  ]  No samples found: prokka
[2023-02-08 23:23:40,393] multiqc                                            [DEBUG  ]  No samples found: qc3C
[2023-02-08 23:23:40,397] multiqc                                            [DEBUG  ]  No samples found: samblaster
[2023-02-08 23:23:40,400] multiqc                                            [DEBUG  ]  No samples found: sexdeterrmine
[2023-02-08 23:23:40,403] multiqc                                            [DEBUG  ]  No samples found: eigenstratdatabasetools
[2023-02-08 23:23:40,406] multiqc                                            [DEBUG  ]  No samples found: bamtools
[2023-02-08 23:23:40,409] multiqc                                            [DEBUG  ]  No samples found: jellyfish
[2023-02-08 23:23:40,413] multiqc                                            [DEBUG  ]  No samples found: vcftools
[2023-02-08 23:23:40,416] multiqc                                            [DEBUG  ]  No samples found: longranger
[2023-02-08 23:23:40,419] multiqc                                            [DEBUG  ]  No samples found: stacks
[2023-02-08 23:23:40,422] multiqc                                            [DEBUG  ]  No samples found: varscan2
[2023-02-08 23:23:40,427] multiqc                                            [DEBUG  ]  No samples found: bbmap
[2023-02-08 23:23:40,431] multiqc                                            [DEBUG  ]  No samples found: bismark
[2023-02-08 23:23:40,434] multiqc                                            [DEBUG  ]  No samples found: biscuit
[2023-02-08 23:23:40,437] multiqc                                            [DEBUG  ]  No samples found: hicexplorer
[2023-02-08 23:23:40,440] multiqc                                            [DEBUG  ]  No samples found: hicup
[2023-02-08 23:23:40,443] multiqc                                            [DEBUG  ]  No samples found: hicpro
[2023-02-08 23:23:40,447] multiqc                                            [DEBUG  ]  No samples found: salmon
[2023-02-08 23:23:40,450] multiqc                                            [DEBUG  ]  No samples found: kallisto
[2023-02-08 23:23:40,453] multiqc                                            [DEBUG  ]  No samples found: slamdunk
[2023-02-08 23:23:40,456] multiqc                                            [DEBUG  ]  No samples found: star
[2023-02-08 23:23:40,459] multiqc                                            [DEBUG  ]  No samples found: hisat2
[2023-02-08 23:23:40,462] multiqc                                            [DEBUG  ]  No samples found: tophat
[2023-02-08 23:23:40,466] multiqc                                            [DEBUG  ]  No samples found: bowtie1
[2023-02-08 23:23:40,469] multiqc                                            [DEBUG  ]  No samples found: snpsplit
[2023-02-08 23:23:40,472] multiqc                                            [DEBUG  ]  No samples found: kat
[2023-02-08 23:23:40,475] multiqc                                            [DEBUG  ]  No samples found: leehom
[2023-02-08 23:23:40,478] multiqc                                            [DEBUG  ]  No samples found: adapterRemoval
[2023-02-08 23:23:40,481] multiqc                                            [DEBUG  ]  No samples found: clipandmerge
[2023-02-08 23:23:40,484] multiqc                                            [DEBUG  ]  No samples found: cutadapt
[2023-02-08 23:23:40,487] multiqc                                            [DEBUG  ]  No samples found: flexbar
[2023-02-08 23:23:40,491] multiqc                                            [DEBUG  ]  No samples found: kaiju
[2023-02-08 23:23:40,494] multiqc                                            [DEBUG  ]  No samples found: kraken
[2023-02-08 23:23:40,497] multiqc                                            [DEBUG  ]  No samples found: malt
[2023-02-08 23:23:40,500] multiqc                                            [DEBUG  ]  No samples found: trimmomatic
[2023-02-08 23:23:40,503] multiqc                                            [DEBUG  ]  No samples found: sickle
[2023-02-08 23:23:40,506] multiqc                                            [DEBUG  ]  No samples found: skewer
[2023-02-08 23:23:40,509] multiqc                                            [DEBUG  ]  No samples found: sortmerna
[2023-02-08 23:23:40,513] multiqc                                            [DEBUG  ]  No samples found: biobloomtools
[2023-02-08 23:23:40,516] multiqc                                            [DEBUG  ]  No samples found: fastq_screen
[2023-02-08 23:23:40,519] multiqc                                            [DEBUG  ]  No samples found: afterqc
[2023-02-08 23:23:40,522] multiqc                                            [DEBUG  ]  No samples found: pychopper
[2023-02-08 23:23:40,525] multiqc                                            [DEBUG  ]  No samples found: pycoqc
[2023-02-08 23:23:40,528] multiqc                                            [DEBUG  ]  No samples found: minionqc
[2023-02-08 23:23:40,532] multiqc                                            [DEBUG  ]  No samples found: multivcfanalyzer
[2023-02-08 23:23:40,535] multiqc                                            [DEBUG  ]  No samples found: clusterflow
[2023-02-08 23:23:40,538] multiqc                                            [DEBUG  ]  No samples found: bcl2fastq
[2023-02-08 23:23:40,541] multiqc                                            [DEBUG  ]  No samples found: interop
[2023-02-08 23:23:40,544] multiqc                                            [DEBUG  ]  No samples found: ivar
[2023-02-08 23:23:40,547] multiqc                                            [DEBUG  ]  No samples found: flash
[2023-02-08 23:23:40,551] multiqc                                            [DEBUG  ]  No samples found: seqyclean
[2023-02-08 23:23:40,554] multiqc                                            [DEBUG  ]  No samples found: optitype
[2023-02-08 23:23:40,562] multiqc                                            [INFO   ]  Compressing plot data
[2023-02-08 23:23:40,648] multiqc                                            [INFO   ]  Report      : multiqc_report.html
[2023-02-08 23:23:40,648] multiqc                                            [INFO   ]  Data        : multiqc_data
[2023-02-08 23:23:40,648] multiqc                                            [DEBUG  ]  Moving data file from '/tmp/tmp55mzp2jv/multiqc_data' to '/home/Nikita.Vaulin/Omics/lesson2/multiqc_data'
[2023-02-08 23:23:40,756] multiqc                                            [INFO   ]  MultiQC complete
