[2023-02-09 13:48:16,382] multiqc                                            [DEBUG  ]  No MultiQC config found: /opt/anaconda3/lib/python3.8/site-packages/multiqc_config.yaml
[2023-02-09 13:48:16,382] multiqc                                            [DEBUG  ]  No MultiQC config found: /home/Nikita.Vaulin/.multiqc_config.yaml
[2023-02-09 13:48:16,382] multiqc                                            [DEBUG  ]  No MultiQC config found: multiqc_config.yaml
[2023-02-09 13:48:16,382] multiqc                                            [DEBUG  ]  Command used: /opt/anaconda3/bin/multiqc /home/Nikita.Vaulin/Omics/lesson3/
[2023-02-09 13:48:16,882] multiqc                                            [WARNING]  MultiQC Version v1.14 now available!
[2023-02-09 13:48:16,882] multiqc                                            [INFO   ]  This is MultiQC v1.10.1
[2023-02-09 13:48:16,882] multiqc                                            [DEBUG  ]  Command     : /opt/anaconda3/bin/multiqc /home/Nikita.Vaulin/Omics/lesson3/
[2023-02-09 13:48:16,882] multiqc                                            [DEBUG  ]  Working dir : /home/Nikita.Vaulin/Omics/lesson3
[2023-02-09 13:48:16,882] multiqc                                            [INFO   ]  Template    : default
[2023-02-09 13:48:16,882] multiqc                                            [DEBUG  ]  Running Python 3.8.5 (default, Sep  4 2020, 07:30:14)  [GCC 7.3.0]
[2023-02-09 13:48:16,882] multiqc                                            [INFO   ]  Searching   : /home/Nikita.Vaulin/Omics/lesson3
[2023-02-09 13:48:16,882] multiqc                                            [DEBUG  ]  Analysing modules: custom_content, ngsderive, purple, conpair, peddy, somalier, methylQA, mosdepth, phantompeakqualtools, qualimap, preseq, quast, qorts, rna_seqc, rockhopper, rsem, rseqc, busco, goleft_indexcov, disambiguate, supernova, deeptools, sargasso, verifybamid, mirtrace, happy, mirtop, homer, hops, macs2, theta2, snpeff, gatk, htseq, bcftools, featureCounts, fgbio, dragen, dedup, damageprofiler, biobambam2, jcvi, mtnucratio, picard, sentieon, prokka, qc3C, samblaster, samtools, sexdeterrmine, eigenstratdatabasetools, bamtools, jellyfish, vcftools, longranger, stacks, varscan2, bbmap, bismark, biscuit, hicexplorer, hicup, hicpro, salmon, kallisto, slamdunk, star, hisat2, tophat, bowtie2, bowtie1, snpsplit, kat, leehom, adapterRemoval, clipandmerge, cutadapt, flexbar, kaiju, kraken, malt, trimmomatic, sickle, skewer, sortmerna, biobloomtools, fastq_screen, afterqc, fastp, fastqc, pychopper, pycoqc, minionqc, multivcfanalyzer, clusterflow, bcl2fastq, interop, ivar, flash, seqyclean, optitype
[2023-02-09 13:48:16,883] multiqc                                            [DEBUG  ]  Using temporary directory for creating report: /tmp/tmpwkx1wi69
[2023-02-09 13:48:17,089] multiqc                                            [DEBUG  ]  Ignoring file as matched an ignore pattern: srm1_dT_rep1.R2.fastq.gz
[2023-02-09 13:48:17,089] multiqc                                            [DEBUG  ]  Ignoring file as matched an ignore pattern: enp1_ribo_rep2.R2.fastq.gz
[2023-02-09 13:48:17,089] multiqc                                            [DEBUG  ]  Ignoring file as matched an ignore pattern: csl4_ribo_rep1.R2.fastq.gz
[2023-02-09 13:48:17,089] multiqc                                            [DEBUG  ]  Ignoring file as matched an ignore pattern: control_dT_rep1.R2.fastq.gz
[2023-02-09 13:48:17,089] multiqc                                            [DEBUG  ]  Ignoring file as matched an ignore pattern: srm1_dT_rep1.R1.fastq.gz
[2023-02-09 13:48:17,089] multiqc                                            [DEBUG  ]  Ignoring file as matched an ignore pattern: csl4_ph_dT_rep1.R2.fastq.gz
[2023-02-09 13:48:17,089] multiqc                                            [DEBUG  ]  Ignoring file as matched an ignore pattern: srm1_dT_rep2.R2.fastq.gz
[2023-02-09 13:48:17,089] multiqc                                            [DEBUG  ]  Ignoring file as matched an ignore pattern: control_ribo_rep1.R1.fastq.gz
[2023-02-09 13:48:17,089] multiqc                                            [DEBUG  ]  Ignoring file as matched an ignore pattern: csl4_ph_dT_rep3.R1.fastq.gz
[2023-02-09 13:48:17,089] multiqc                                            [DEBUG  ]  Ignoring file as matched an ignore pattern: control_dT_rep1.R1.fastq.gz
[2023-02-09 13:48:17,090] multiqc                                            [DEBUG  ]  Ignoring file as matched an ignore pattern: control_ribo_rep1.R2.fastq.gz
[2023-02-09 13:48:17,090] multiqc                                            [DEBUG  ]  Ignoring file as matched an ignore pattern: csl4_ph_dT_rep2.R2.fastq.gz
[2023-02-09 13:48:17,090] multiqc                                            [DEBUG  ]  Ignoring file as matched an ignore pattern: csl4_ribo_rep1.R1.fastq.gz
[2023-02-09 13:48:17,090] multiqc                                            [DEBUG  ]  Ignoring file as matched an ignore pattern: csl4_ph_dT_rep1.R1.fastq.gz
[2023-02-09 13:48:17,090] multiqc                                            [DEBUG  ]  Ignoring file as matched an ignore pattern: enp1_dT_rep1.R1.fastq.gz
[2023-02-09 13:48:17,090] multiqc                                            [DEBUG  ]  Ignoring file as matched an ignore pattern: enp1_dT_rep1.R2.fastq.gz
[2023-02-09 13:48:17,090] multiqc                                            [DEBUG  ]  Ignoring file as matched an ignore pattern: csl4_ph_dT_rep2.R1.fastq.gz
[2023-02-09 13:48:17,090] multiqc                                            [DEBUG  ]  Ignoring file as matched an ignore pattern: enp1_dT_rep2.R2.fastq.gz
[2023-02-09 13:48:17,090] multiqc                                            [DEBUG  ]  Ignoring file as matched an ignore pattern: enp1_dT_rep2.R1.fastq.gz
[2023-02-09 13:48:17,090] multiqc                                            [DEBUG  ]  Ignoring file as matched an ignore pattern: enp1_ribo_rep2.R1.fastq.gz
[2023-02-09 13:48:17,090] multiqc                                            [DEBUG  ]  Ignoring file as matched an ignore pattern: control_ribo_rep2.R2.fastq.gz
[2023-02-09 13:48:17,090] multiqc                                            [DEBUG  ]  Ignoring file as matched an ignore pattern: csl4_ribo_rep3.R2.fastq.gz
[2023-02-09 13:48:17,090] multiqc                                            [DEBUG  ]  Ignoring file as matched an ignore pattern: control_dT_rep2.R1.fastq.gz
[2023-02-09 13:48:17,090] multiqc                                            [DEBUG  ]  Ignoring file as matched an ignore pattern: enp1_ribo_rep1.R1.fastq.gz
[2023-02-09 13:48:17,090] multiqc                                            [DEBUG  ]  Ignoring file as matched an ignore pattern: control_dT_rep3.R1.fastq.gz
[2023-02-09 13:48:17,091] multiqc                                            [DEBUG  ]  Ignoring file as matched an ignore pattern: srm1_dT_rep2.R1.fastq.gz
[2023-02-09 13:48:17,091] multiqc                                            [DEBUG  ]  Ignoring file as matched an ignore pattern: control_dT_rep3.R2.fastq.gz
[2023-02-09 13:48:17,091] multiqc                                            [DEBUG  ]  Ignoring file as matched an ignore pattern: csl4_ribo_rep3.R1.fastq.gz
[2023-02-09 13:48:17,091] multiqc                                            [DEBUG  ]  Ignoring file as matched an ignore pattern: control_ribo_rep2.R1.fastq.gz
[2023-02-09 13:48:17,091] multiqc                                            [DEBUG  ]  Ignoring file as matched an ignore pattern: csl4_ph_dT_rep3.R2.fastq.gz
[2023-02-09 13:48:17,091] multiqc                                            [DEBUG  ]  Ignoring file as matched an ignore pattern: csl4_ribo_rep2.R2.fastq.gz
[2023-02-09 13:48:17,091] multiqc                                            [DEBUG  ]  Ignoring file as matched an ignore pattern: control_dT_rep2.R2.fastq.gz
[2023-02-09 13:48:17,097] multiqc                                            [DEBUG  ]  Ignoring file as matched an ignore pattern: csl4_ribo_rep2.R1.fastq.gz
[2023-02-09 13:48:17,097] multiqc                                            [DEBUG  ]  Ignoring file as matched an ignore pattern: enp1_ribo_rep1.R2.fastq.gz
[2023-02-09 13:48:17,097] multiqc                                            [DEBUG  ]  Ignoring file as matched an ignore pattern: SRR9685689_2.fastq.gz
[2023-02-09 13:48:17,097] multiqc                                            [DEBUG  ]  Ignoring file as matched an ignore pattern: SRR9685690_2.fastq.gz
[2023-02-09 13:48:17,097] multiqc                                            [DEBUG  ]  Ignoring file as matched an ignore pattern: SRR9685683_2.fastq.gz
[2023-02-09 13:48:17,097] multiqc                                            [DEBUG  ]  Ignoring file as matched an ignore pattern: SRR9685684_1.fastq.gz
[2023-02-09 13:48:17,097] multiqc                                            [DEBUG  ]  Ignoring file as matched an ignore pattern: SRR9685687_2.fastq.gz
[2023-02-09 13:48:17,097] multiqc                                            [DEBUG  ]  Ignoring file as matched an ignore pattern: SRR9685687_1.fastq.gz
[2023-02-09 13:48:17,097] multiqc                                            [DEBUG  ]  Ignoring file as matched an ignore pattern: SRR9685688_1.fastq.gz
[2023-02-09 13:48:17,097] multiqc                                            [DEBUG  ]  Ignoring file as matched an ignore pattern: SRR9685688_2.fastq.gz
[2023-02-09 13:48:17,097] multiqc                                            [DEBUG  ]  Ignoring file as matched an ignore pattern: SRR9685689_1.fastq.gz
[2023-02-09 13:48:17,097] multiqc                                            [DEBUG  ]  Ignoring file as matched an ignore pattern: SRR9685683_1.fastq.gz
[2023-02-09 13:48:17,098] multiqc                                            [DEBUG  ]  Ignoring file as matched an ignore pattern: SRR9685690_1.fastq.gz
[2023-02-09 13:48:17,098] multiqc                                            [DEBUG  ]  Ignoring file as matched an ignore pattern: SRR9685684_2.fastq.gz
[2023-02-09 13:48:17,128] multiqc                                            [DEBUG  ]  File ignored by hicexplorer because it exceeded search pattern filesize limit: refAccumLengths.bin
[2023-02-09 13:48:17,129] multiqc                                            [DEBUG  ]  File ignored by longranger/invocation because it exceeded search pattern filesize limit: refAccumLengths.bin
[2023-02-09 13:48:17,161] multiqc                                            [DEBUG  ]  File ignored by longranger/invocation because it exceeded search pattern filesize limit: ref_indexing.log
[2023-02-09 13:48:17,165] multiqc                                            [DEBUG  ]  File ignored by hicexplorer because it exceeded search pattern filesize limit: refseq.bin
[2023-02-09 13:48:17,166] multiqc                                            [DEBUG  ]  File ignored by longranger/invocation because it exceeded search pattern filesize limit: refseq.bin
[2023-02-09 13:48:17,166] multiqc                                            [DEBUG  ]  File ignored by rockhopper because it exceeded search pattern filesize limit: refseq.bin
[2023-02-09 13:48:17,166] multiqc                                            [DEBUG  ]  File ignored by rseqc/bam_stat because it exceeded search pattern filesize limit: refseq.bin
[2023-02-09 13:48:17,167] multiqc                                            [DEBUG  ]  File ignored by rseqc/junction_annotation because it exceeded search pattern filesize limit: refseq.bin
[2023-02-09 13:48:17,167] multiqc                                            [DEBUG  ]  File ignored by rseqc/read_distribution because it exceeded search pattern filesize limit: refseq.bin
[2023-02-09 13:48:17,167] multiqc                                            [DEBUG  ]  File ignored by rseqc/infer_experiment because it exceeded search pattern filesize limit: refseq.bin
[2023-02-09 13:48:17,167] multiqc                                            [DEBUG  ]  File ignored by stacks/sumstats because it exceeded search pattern filesize limit: refseq.bin
[2023-02-09 13:48:17,170] multiqc                                            [DEBUG  ]  File ignored by hicexplorer because it exceeded search pattern filesize limit: seq.bin
[2023-02-09 13:48:17,171] multiqc                                            [DEBUG  ]  File ignored by longranger/invocation because it exceeded search pattern filesize limit: seq.bin
[2023-02-09 13:48:17,171] multiqc                                            [DEBUG  ]  File ignored by rockhopper because it exceeded search pattern filesize limit: seq.bin
[2023-02-09 13:48:17,171] multiqc                                            [DEBUG  ]  File ignored by rseqc/bam_stat because it exceeded search pattern filesize limit: seq.bin
[2023-02-09 13:48:17,171] multiqc                                            [DEBUG  ]  File ignored by rseqc/junction_annotation because it exceeded search pattern filesize limit: seq.bin
[2023-02-09 13:48:17,172] multiqc                                            [DEBUG  ]  File ignored by rseqc/read_distribution because it exceeded search pattern filesize limit: seq.bin
[2023-02-09 13:48:17,172] multiqc                                            [DEBUG  ]  File ignored by rseqc/infer_experiment because it exceeded search pattern filesize limit: seq.bin
[2023-02-09 13:48:17,172] multiqc                                            [DEBUG  ]  File ignored by stacks/sumstats because it exceeded search pattern filesize limit: seq.bin
[2023-02-09 13:48:17,175] multiqc                                            [DEBUG  ]  File ignored by hicexplorer because it exceeded search pattern filesize limit: rank.bin
[2023-02-09 13:48:17,176] multiqc                                            [DEBUG  ]  File ignored by longranger/invocation because it exceeded search pattern filesize limit: rank.bin
[2023-02-09 13:48:17,176] multiqc                                            [DEBUG  ]  File ignored by rockhopper because it exceeded search pattern filesize limit: rank.bin
[2023-02-09 13:48:17,176] multiqc                                            [DEBUG  ]  File ignored by rseqc/bam_stat because it exceeded search pattern filesize limit: rank.bin
[2023-02-09 13:48:17,176] multiqc                                            [DEBUG  ]  File ignored by rseqc/junction_annotation because it exceeded search pattern filesize limit: rank.bin
[2023-02-09 13:48:17,176] multiqc                                            [DEBUG  ]  File ignored by rseqc/read_distribution because it exceeded search pattern filesize limit: rank.bin
[2023-02-09 13:48:17,177] multiqc                                            [DEBUG  ]  File ignored by rseqc/infer_experiment because it exceeded search pattern filesize limit: rank.bin
[2023-02-09 13:48:17,177] multiqc                                            [DEBUG  ]  File ignored by stacks/sumstats because it exceeded search pattern filesize limit: rank.bin
[2023-02-09 13:48:17,197] multiqc                                            [DEBUG  ]  File ignored by hicexplorer because it exceeded search pattern filesize limit: mphf.bin
[2023-02-09 13:48:17,197] multiqc                                            [DEBUG  ]  File ignored by longranger/invocation because it exceeded search pattern filesize limit: mphf.bin
[2023-02-09 13:48:17,198] multiqc                                            [DEBUG  ]  File ignored by rockhopper because it exceeded search pattern filesize limit: mphf.bin
[2023-02-09 13:48:17,198] multiqc                                            [DEBUG  ]  File ignored by rseqc/bam_stat because it exceeded search pattern filesize limit: mphf.bin
[2023-02-09 13:48:17,198] multiqc                                            [DEBUG  ]  File ignored by rseqc/junction_annotation because it exceeded search pattern filesize limit: mphf.bin
[2023-02-09 13:48:17,198] multiqc                                            [DEBUG  ]  File ignored by rseqc/read_distribution because it exceeded search pattern filesize limit: mphf.bin
[2023-02-09 13:48:17,198] multiqc                                            [DEBUG  ]  File ignored by rseqc/infer_experiment because it exceeded search pattern filesize limit: mphf.bin
[2023-02-09 13:48:17,198] multiqc                                            [DEBUG  ]  File ignored by snpeff because it exceeded search pattern filesize limit: mphf.bin
[2023-02-09 13:48:17,198] multiqc                                            [DEBUG  ]  File ignored by stacks/sumstats because it exceeded search pattern filesize limit: mphf.bin
[2023-02-09 13:48:17,202] multiqc                                            [DEBUG  ]  File ignored by hicexplorer because it exceeded search pattern filesize limit: ctg_offsets.bin
[2023-02-09 13:48:17,203] multiqc                                            [DEBUG  ]  File ignored by longranger/invocation because it exceeded search pattern filesize limit: ctg_offsets.bin
[2023-02-09 13:48:17,206] multiqc                                            [DEBUG  ]  File ignored by hicexplorer because it exceeded search pattern filesize limit: ctable.bin
[2023-02-09 13:48:17,207] multiqc                                            [DEBUG  ]  File ignored by longranger/invocation because it exceeded search pattern filesize limit: ctable.bin
[2023-02-09 13:48:17,211] multiqc                                            [DEBUG  ]  File ignored by hicexplorer because it exceeded search pattern filesize limit: reflengths.bin
[2023-02-09 13:48:17,212] multiqc                                            [DEBUG  ]  File ignored by longranger/invocation because it exceeded search pattern filesize limit: reflengths.bin
[2023-02-09 13:48:17,216] multiqc                                            [DEBUG  ]  File ignored by hicexplorer because it exceeded search pattern filesize limit: complete_ref_lens.bin
[2023-02-09 13:48:17,217] multiqc                                            [DEBUG  ]  File ignored by longranger/invocation because it exceeded search pattern filesize limit: complete_ref_lens.bin
[2023-02-09 13:48:17,232] multiqc                                            [DEBUG  ]  File ignored by hicexplorer because it exceeded search pattern filesize limit: control_ribo_rep1.zip
[2023-02-09 13:48:17,235] multiqc                                            [DEBUG  ]  File ignored by longranger/invocation because it exceeded search pattern filesize limit: control_ribo_rep1.zip
[2023-02-09 13:48:17,235] multiqc                                            [DEBUG  ]  File ignored by rockhopper because it exceeded search pattern filesize limit: control_ribo_rep1.zip
[2023-02-09 13:48:17,235] multiqc                                            [DEBUG  ]  File ignored by rseqc/bam_stat because it exceeded search pattern filesize limit: control_ribo_rep1.zip
[2023-02-09 13:48:17,235] multiqc                                            [DEBUG  ]  File ignored by rseqc/junction_annotation because it exceeded search pattern filesize limit: control_ribo_rep1.zip
[2023-02-09 13:48:17,236] multiqc                                            [DEBUG  ]  File ignored by rseqc/read_distribution because it exceeded search pattern filesize limit: control_ribo_rep1.zip
[2023-02-09 13:48:17,236] multiqc                                            [DEBUG  ]  File ignored by rseqc/infer_experiment because it exceeded search pattern filesize limit: control_ribo_rep1.zip
[2023-02-09 13:48:17,252] multiqc                                            [DEBUG  ]  File ignored by hicexplorer because it exceeded search pattern filesize limit: quant.sf
[2023-02-09 13:48:17,253] multiqc                                            [DEBUG  ]  File ignored by longranger/invocation because it exceeded search pattern filesize limit: quant.sf
[2023-02-09 13:48:17,410] multiqc                                            [DEBUG  ]  File ignored by hicexplorer because it exceeded search pattern filesize limit: ambig_info.tsv
[2023-02-09 13:48:17,411] multiqc                                            [DEBUG  ]  File ignored by longranger/invocation because it exceeded search pattern filesize limit: ambig_info.tsv
[2023-02-09 13:48:17,556] multiqc                                            [DEBUG  ]  File ignored by longranger/invocation because it exceeded search pattern filesize limit: salmon_quant.log
[2023-02-09 13:48:17,572] multiqc                                            [DEBUG  ]  File ignored by hicexplorer because it exceeded search pattern filesize limit: quant.sf
[2023-02-09 13:48:17,573] multiqc                                            [DEBUG  ]  File ignored by longranger/invocation because it exceeded search pattern filesize limit: quant.sf
[2023-02-09 13:48:17,699] multiqc                                            [DEBUG  ]  File ignored by hicexplorer because it exceeded search pattern filesize limit: ambig_info.tsv
[2023-02-09 13:48:17,700] multiqc                                            [DEBUG  ]  File ignored by longranger/invocation because it exceeded search pattern filesize limit: ambig_info.tsv
[2023-02-09 13:48:17,811] multiqc                                            [DEBUG  ]  File ignored by longranger/invocation because it exceeded search pattern filesize limit: salmon_quant.log
[2023-02-09 13:48:17,861] multiqc                                            [DEBUG  ]  File ignored by hicexplorer because it exceeded search pattern filesize limit: quant.sf
[2023-02-09 13:48:17,862] multiqc                                            [DEBUG  ]  File ignored by longranger/invocation because it exceeded search pattern filesize limit: quant.sf
[2023-02-09 13:48:18,017] multiqc                                            [DEBUG  ]  File ignored by hicexplorer because it exceeded search pattern filesize limit: ambig_info.tsv
[2023-02-09 13:48:18,018] multiqc                                            [DEBUG  ]  File ignored by longranger/invocation because it exceeded search pattern filesize limit: ambig_info.tsv
[2023-02-09 13:48:18,133] multiqc                                            [DEBUG  ]  File ignored by longranger/invocation because it exceeded search pattern filesize limit: salmon_quant.log
[2023-02-09 13:48:18,156] multiqc                                            [DEBUG  ]  File ignored by hicexplorer because it exceeded search pattern filesize limit: quant.sf
[2023-02-09 13:48:18,157] multiqc                                            [DEBUG  ]  File ignored by longranger/invocation because it exceeded search pattern filesize limit: quant.sf
[2023-02-09 13:48:18,293] multiqc                                            [DEBUG  ]  File ignored by hicexplorer because it exceeded search pattern filesize limit: ambig_info.tsv
[2023-02-09 13:48:18,294] multiqc                                            [DEBUG  ]  File ignored by longranger/invocation because it exceeded search pattern filesize limit: ambig_info.tsv
[2023-02-09 13:48:18,413] multiqc                                            [DEBUG  ]  File ignored by longranger/invocation because it exceeded search pattern filesize limit: salmon_quant.log
[2023-02-09 13:48:18,416] multiqc                                            [DEBUG  ]  Ignoring file as matched an ignore pattern: enp1_ribo_rep2.R1.filt.fastq.gz
[2023-02-09 13:48:18,416] multiqc                                            [DEBUG  ]  Ignoring file as matched an ignore pattern: enp1_ribo_rep2.fastp.html
[2023-02-09 13:48:18,416] multiqc                                            [DEBUG  ]  Ignoring file as matched an ignore pattern: enp1_ribo_rep1.fastp.html
[2023-02-09 13:48:18,416] multiqc                                            [DEBUG  ]  Ignoring file as matched an ignore pattern: control_ribo_rep2.R1.filt.fastq.gz
[2023-02-09 13:48:18,417] multiqc                                            [DEBUG  ]  Ignoring file as matched an ignore pattern: control_ribo_rep2.R2.filt.fastq.gz
[2023-02-09 13:48:18,417] multiqc                                            [DEBUG  ]  Ignoring file as matched an ignore pattern: enp1_ribo_rep2.R2.filt.fastq.gz
[2023-02-09 13:48:18,417] multiqc                                            [DEBUG  ]  Ignoring file as matched an ignore pattern: control_ribo_rep1.R2.filt.fastq.gz
[2023-02-09 13:48:18,417] multiqc                                            [DEBUG  ]  Ignoring file as matched an ignore pattern: control_ribo_rep1.fastp.html
[2023-02-09 13:48:18,417] multiqc                                            [DEBUG  ]  Ignoring file as matched an ignore pattern: control_ribo_rep2.fastp.html
[2023-02-09 13:48:18,417] multiqc                                            [DEBUG  ]  Ignoring file as matched an ignore pattern: enp1_ribo_rep1.R1.filt.fastq.gz
[2023-02-09 13:48:18,418] multiqc                                            [DEBUG  ]  Ignoring file as matched an ignore pattern: enp1_ribo_rep1.R2.filt.fastq.gz
[2023-02-09 13:48:18,418] multiqc                                            [DEBUG  ]  Ignoring file as matched an ignore pattern: control_ribo_rep1.R1.filt.fastq.gz
[2023-02-09 13:48:18,420] multiqc                                            [DEBUG  ]  File ignored by hicexplorer because it exceeded search pattern filesize limit: marked_dup_metrics.txt
[2023-02-09 13:48:18,421] multiqc                                            [DEBUG  ]  File ignored by longranger/invocation because it exceeded search pattern filesize limit: marked_dup_metrics.txt
[2023-02-09 13:48:18,429] multiqc                                            [DEBUG  ]  Ignoring file as matched an ignore pattern: control_ribo_rep1_sorted.bam
[2023-02-09 13:48:18,429] multiqc                                            [DEBUG  ]  Ignoring file as matched an ignore pattern: control_ribo_rep1.bam
[2023-02-09 13:48:18,434] multiqc                                            [DEBUG  ]  Ignoring file as matched an ignore pattern: control_ribo_rep1_sorted_markdup.bam
[2023-02-09 13:48:18,437] multiqc                                            [DEBUG  ]  File ignored by hicexplorer because it exceeded search pattern filesize limit: control_ribo_rep1_sorted_markdup.stats
[2023-02-09 13:48:18,438] multiqc                                            [DEBUG  ]  File ignored by longranger/invocation because it exceeded search pattern filesize limit: control_ribo_rep1_sorted_markdup.stats
[2023-02-09 13:48:18,581] multiqc                                            [DEBUG  ]  Ignoring file as matched an ignore pattern: Saccharomyces_cerevisiae.R64-1-1.dna_sm.toplevel.fa
[2023-02-09 13:48:18,581] multiqc                                            [DEBUG  ]  Ignoring file as matched an ignore pattern: Saccharomyces_cerevisiae.R64-1-1.108.gtf
[2023-02-09 13:48:18,581] multiqc                                            [DEBUG  ]  Ignoring file as matched an ignore pattern: Saccharomyces_cerevisiae.R64-1-1.cdna.all.fa
[2023-02-09 13:48:18,584] multiqc                                            [DEBUG  ]  File ignored by hicexplorer because it exceeded search pattern filesize limit: exons.tsv
[2023-02-09 13:48:18,587] multiqc                                            [DEBUG  ]  File ignored by longranger/invocation because it exceeded search pattern filesize limit: exons.tsv
[2023-02-09 13:48:18,696] multiqc                                            [DEBUG  ]  File ignored by hicexplorer because it exceeded search pattern filesize limit: sac_cer.8.ht2
[2023-02-09 13:48:18,697] multiqc                                            [DEBUG  ]  File ignored by longranger/invocation because it exceeded search pattern filesize limit: sac_cer.8.ht2
[2023-02-09 13:48:18,701] multiqc                                            [DEBUG  ]  File ignored by hicexplorer because it exceeded search pattern filesize limit: sac_cer.7.ht2
[2023-02-09 13:48:18,702] multiqc                                            [DEBUG  ]  File ignored by longranger/invocation because it exceeded search pattern filesize limit: sac_cer.7.ht2
[2023-02-09 13:48:18,708] multiqc                                            [DEBUG  ]  File ignored by hicexplorer because it exceeded search pattern filesize limit: sac_cer.5.ht2
[2023-02-09 13:48:18,709] multiqc                                            [DEBUG  ]  File ignored by longranger/invocation because it exceeded search pattern filesize limit: sac_cer.5.ht2
[2023-02-09 13:48:18,709] multiqc                                            [DEBUG  ]  File ignored by rockhopper because it exceeded search pattern filesize limit: sac_cer.5.ht2
[2023-02-09 13:48:18,709] multiqc                                            [DEBUG  ]  File ignored by rseqc/bam_stat because it exceeded search pattern filesize limit: sac_cer.5.ht2
[2023-02-09 13:48:18,709] multiqc                                            [DEBUG  ]  File ignored by rseqc/junction_annotation because it exceeded search pattern filesize limit: sac_cer.5.ht2
[2023-02-09 13:48:18,709] multiqc                                            [DEBUG  ]  File ignored by rseqc/read_distribution because it exceeded search pattern filesize limit: sac_cer.5.ht2
[2023-02-09 13:48:18,709] multiqc                                            [DEBUG  ]  File ignored by rseqc/infer_experiment because it exceeded search pattern filesize limit: sac_cer.5.ht2
[2023-02-09 13:48:18,709] multiqc                                            [DEBUG  ]  File ignored by snpeff because it exceeded search pattern filesize limit: sac_cer.5.ht2
[2023-02-09 13:48:18,709] multiqc                                            [DEBUG  ]  File ignored by stacks/sumstats because it exceeded search pattern filesize limit: sac_cer.5.ht2
[2023-02-09 13:48:18,714] multiqc                                            [DEBUG  ]  File ignored by hicexplorer because it exceeded search pattern filesize limit: sac_cer.6.ht2
[2023-02-09 13:48:18,715] multiqc                                            [DEBUG  ]  File ignored by longranger/invocation because it exceeded search pattern filesize limit: sac_cer.6.ht2
[2023-02-09 13:48:18,715] multiqc                                            [DEBUG  ]  File ignored by rockhopper because it exceeded search pattern filesize limit: sac_cer.6.ht2
[2023-02-09 13:48:18,715] multiqc                                            [DEBUG  ]  File ignored by rseqc/bam_stat because it exceeded search pattern filesize limit: sac_cer.6.ht2
[2023-02-09 13:48:18,715] multiqc                                            [DEBUG  ]  File ignored by rseqc/junction_annotation because it exceeded search pattern filesize limit: sac_cer.6.ht2
[2023-02-09 13:48:18,715] multiqc                                            [DEBUG  ]  File ignored by rseqc/read_distribution because it exceeded search pattern filesize limit: sac_cer.6.ht2
[2023-02-09 13:48:18,715] multiqc                                            [DEBUG  ]  File ignored by rseqc/infer_experiment because it exceeded search pattern filesize limit: sac_cer.6.ht2
[2023-02-09 13:48:18,715] multiqc                                            [DEBUG  ]  File ignored by stacks/sumstats because it exceeded search pattern filesize limit: sac_cer.6.ht2
[2023-02-09 13:48:18,719] multiqc                                            [DEBUG  ]  File ignored by hicexplorer because it exceeded search pattern filesize limit: sac_cer.2.ht2
[2023-02-09 13:48:18,720] multiqc                                            [DEBUG  ]  File ignored by longranger/invocation because it exceeded search pattern filesize limit: sac_cer.2.ht2
[2023-02-09 13:48:18,720] multiqc                                            [DEBUG  ]  File ignored by rockhopper because it exceeded search pattern filesize limit: sac_cer.2.ht2
[2023-02-09 13:48:18,720] multiqc                                            [DEBUG  ]  File ignored by rseqc/bam_stat because it exceeded search pattern filesize limit: sac_cer.2.ht2
[2023-02-09 13:48:18,721] multiqc                                            [DEBUG  ]  File ignored by rseqc/junction_annotation because it exceeded search pattern filesize limit: sac_cer.2.ht2
[2023-02-09 13:48:18,721] multiqc                                            [DEBUG  ]  File ignored by rseqc/read_distribution because it exceeded search pattern filesize limit: sac_cer.2.ht2
[2023-02-09 13:48:18,721] multiqc                                            [DEBUG  ]  File ignored by rseqc/infer_experiment because it exceeded search pattern filesize limit: sac_cer.2.ht2
[2023-02-09 13:48:18,721] multiqc                                            [DEBUG  ]  File ignored by stacks/sumstats because it exceeded search pattern filesize limit: sac_cer.2.ht2
[2023-02-09 13:48:18,731] multiqc                                            [DEBUG  ]  File ignored by hicexplorer because it exceeded search pattern filesize limit: sac_cer.4.ht2
[2023-02-09 13:48:18,732] multiqc                                            [DEBUG  ]  File ignored by longranger/invocation because it exceeded search pattern filesize limit: sac_cer.4.ht2
[2023-02-09 13:48:18,732] multiqc                                            [DEBUG  ]  File ignored by rockhopper because it exceeded search pattern filesize limit: sac_cer.4.ht2
[2023-02-09 13:48:18,732] multiqc                                            [DEBUG  ]  File ignored by rseqc/bam_stat because it exceeded search pattern filesize limit: sac_cer.4.ht2
[2023-02-09 13:48:18,732] multiqc                                            [DEBUG  ]  File ignored by rseqc/junction_annotation because it exceeded search pattern filesize limit: sac_cer.4.ht2
[2023-02-09 13:48:18,732] multiqc                                            [DEBUG  ]  File ignored by rseqc/read_distribution because it exceeded search pattern filesize limit: sac_cer.4.ht2
[2023-02-09 13:48:18,732] multiqc                                            [DEBUG  ]  File ignored by rseqc/infer_experiment because it exceeded search pattern filesize limit: sac_cer.4.ht2
[2023-02-09 13:48:18,732] multiqc                                            [DEBUG  ]  File ignored by stacks/sumstats because it exceeded search pattern filesize limit: sac_cer.4.ht2
[2023-02-09 13:48:18,736] multiqc                                            [DEBUG  ]  File ignored by hicexplorer because it exceeded search pattern filesize limit: splicesites.tsv
[2023-02-09 13:48:18,737] multiqc                                            [DEBUG  ]  File ignored by longranger/invocation because it exceeded search pattern filesize limit: splicesites.tsv
[2023-02-09 13:48:19,049] multiqc.plots.bargraph                             [DEBUG  ]  Using matplotlib version 3.3.2
[2023-02-09 13:48:19,050] multiqc.plots.linegraph                            [DEBUG  ]  Using matplotlib version 3.3.2
[2023-02-09 13:48:19,050] multiqc                                            [DEBUG  ]  No samples found: custom_content
[2023-02-09 13:48:19,054] multiqc                                            [DEBUG  ]  No samples found: ngsderive
[2023-02-09 13:48:19,057] multiqc                                            [DEBUG  ]  No samples found: purple
[2023-02-09 13:48:19,060] multiqc                                            [DEBUG  ]  No samples found: conpair
[2023-02-09 13:48:19,063] multiqc                                            [DEBUG  ]  No samples found: peddy
[2023-02-09 13:48:19,067] multiqc                                            [DEBUG  ]  No samples found: somalier
[2023-02-09 13:48:19,070] multiqc                                            [DEBUG  ]  No samples found: methylQA
[2023-02-09 13:48:19,074] multiqc                                            [DEBUG  ]  No samples found: mosdepth
[2023-02-09 13:48:19,077] multiqc                                            [DEBUG  ]  No samples found: phantompeakqualtools
[2023-02-09 13:48:19,080] multiqc                                            [DEBUG  ]  No samples found: qualimap
[2023-02-09 13:48:19,083] multiqc                                            [DEBUG  ]  No samples found: preseq
[2023-02-09 13:48:19,086] multiqc                                            [DEBUG  ]  No samples found: quast
[2023-02-09 13:48:19,089] multiqc                                            [DEBUG  ]  No samples found: qorts
[2023-02-09 13:48:19,092] multiqc                                            [DEBUG  ]  No samples found: rna_seqc
[2023-02-09 13:48:19,095] multiqc                                            [DEBUG  ]  No samples found: rockhopper
[2023-02-09 13:48:19,099] multiqc                                            [DEBUG  ]  No samples found: rsem
[2023-02-09 13:48:19,103] multiqc                                            [DEBUG  ]  No samples found: rseqc
[2023-02-09 13:48:19,106] multiqc                                            [DEBUG  ]  No samples found: busco
[2023-02-09 13:48:19,109] multiqc                                            [DEBUG  ]  No samples found: goleft_indexcov
[2023-02-09 13:48:19,112] multiqc                                            [DEBUG  ]  No samples found: disambiguate
[2023-02-09 13:48:19,115] multiqc                                            [DEBUG  ]  No samples found: supernova
[2023-02-09 13:48:19,120] multiqc                                            [DEBUG  ]  No samples found: deeptools
[2023-02-09 13:48:19,123] multiqc                                            [DEBUG  ]  No samples found: sargasso
[2023-02-09 13:48:19,126] multiqc                                            [DEBUG  ]  No samples found: verifybamid
[2023-02-09 13:48:19,129] multiqc                                            [DEBUG  ]  No samples found: mirtrace
[2023-02-09 13:48:19,133] multiqc                                            [DEBUG  ]  No samples found: happy
[2023-02-09 13:48:19,136] multiqc                                            [DEBUG  ]  No samples found: mirtop
[2023-02-09 13:48:19,139] multiqc                                            [DEBUG  ]  No samples found: homer
[2023-02-09 13:48:19,142] multiqc                                            [DEBUG  ]  No samples found: hops
[2023-02-09 13:48:19,145] multiqc                                            [DEBUG  ]  No samples found: macs2
[2023-02-09 13:48:19,148] multiqc                                            [DEBUG  ]  No samples found: theta2
[2023-02-09 13:48:19,152] multiqc                                            [DEBUG  ]  No samples found: snpeff
[2023-02-09 13:48:19,155] multiqc                                            [DEBUG  ]  No samples found: gatk
[2023-02-09 13:48:19,158] multiqc                                            [DEBUG  ]  No samples found: htseq
[2023-02-09 13:48:19,162] multiqc                                            [DEBUG  ]  No samples found: bcftools
[2023-02-09 13:48:19,165] multiqc                                            [DEBUG  ]  No samples found: featureCounts
[2023-02-09 13:48:19,169] multiqc                                            [DEBUG  ]  No samples found: fgbio
[2023-02-09 13:48:19,174] multiqc                                            [DEBUG  ]  No samples found: dragen
[2023-02-09 13:48:19,177] multiqc                                            [DEBUG  ]  No samples found: dedup
[2023-02-09 13:48:19,180] multiqc                                            [DEBUG  ]  No samples found: damageprofiler
[2023-02-09 13:48:19,187] multiqc                                            [DEBUG  ]  No samples found: biobambam2
[2023-02-09 13:48:19,190] multiqc                                            [DEBUG  ]  No samples found: jcvi
[2023-02-09 13:48:19,194] multiqc                                            [DEBUG  ]  No samples found: mtnucratio
[2023-02-09 13:48:19,203] multiqc.modules.picard.picard                      [INFO   ]  Found 1 MarkDuplicates reports
[2023-02-09 13:48:19,207] multiqc                                            [DEBUG  ]  No samples found: sentieon
[2023-02-09 13:48:19,210] multiqc                                            [DEBUG  ]  No samples found: prokka
[2023-02-09 13:48:19,213] multiqc                                            [DEBUG  ]  No samples found: qc3C
[2023-02-09 13:48:19,216] multiqc                                            [DEBUG  ]  No samples found: samblaster
[2023-02-09 13:48:19,225] multiqc.modules.samtools.samtools                  [INFO   ]  Found 1 stats reports
[2023-02-09 13:48:19,228] multiqc.modules.samtools.samtools                  [INFO   ]  Found 1 flagstat reports
[2023-02-09 13:48:19,232] multiqc                                            [DEBUG  ]  No samples found: sexdeterrmine
[2023-02-09 13:48:19,235] multiqc                                            [DEBUG  ]  No samples found: eigenstratdatabasetools
[2023-02-09 13:48:19,238] multiqc                                            [DEBUG  ]  No samples found: bamtools
[2023-02-09 13:48:19,241] multiqc                                            [DEBUG  ]  No samples found: jellyfish
[2023-02-09 13:48:19,245] multiqc                                            [DEBUG  ]  No samples found: vcftools
[2023-02-09 13:48:19,248] multiqc                                            [DEBUG  ]  No samples found: longranger
[2023-02-09 13:48:19,251] multiqc                                            [DEBUG  ]  No samples found: stacks
[2023-02-09 13:48:19,254] multiqc                                            [DEBUG  ]  No samples found: varscan2
[2023-02-09 13:48:19,259] multiqc                                            [DEBUG  ]  No samples found: bbmap
[2023-02-09 13:48:19,262] multiqc                                            [DEBUG  ]  No samples found: bismark
[2023-02-09 13:48:19,265] multiqc                                            [DEBUG  ]  No samples found: biscuit
[2023-02-09 13:48:19,268] multiqc                                            [DEBUG  ]  No samples found: hicexplorer
[2023-02-09 13:48:19,271] multiqc                                            [DEBUG  ]  No samples found: hicup
[2023-02-09 13:48:19,275] multiqc                                            [DEBUG  ]  No samples found: hicpro
[2023-02-09 13:48:19,283] multiqc.modules.salmon.salmon                      [INFO   ]  Found 4 meta reports
[2023-02-09 13:48:19,283] multiqc.modules.salmon.salmon                      [INFO   ]  Found 4 fragment length distributions
[2023-02-09 13:48:19,315] multiqc                                            [DEBUG  ]  No samples found: kallisto
[2023-02-09 13:48:19,318] multiqc                                            [DEBUG  ]  No samples found: slamdunk
[2023-02-09 13:48:19,321] multiqc                                            [DEBUG  ]  No samples found: star
[2023-02-09 13:48:19,324] multiqc                                            [DEBUG  ]  No samples found: hisat2
[2023-02-09 13:48:19,327] multiqc                                            [DEBUG  ]  No samples found: tophat
[2023-02-09 13:48:19,330] multiqc                                            [DEBUG  ]  No samples found: bowtie2
[2023-02-09 13:48:19,333] multiqc                                            [DEBUG  ]  No samples found: bowtie1
[2023-02-09 13:48:19,336] multiqc                                            [DEBUG  ]  No samples found: snpsplit
[2023-02-09 13:48:19,339] multiqc                                            [DEBUG  ]  No samples found: kat
[2023-02-09 13:48:19,342] multiqc                                            [DEBUG  ]  No samples found: leehom
[2023-02-09 13:48:19,345] multiqc                                            [DEBUG  ]  No samples found: adapterRemoval
[2023-02-09 13:48:19,349] multiqc                                            [DEBUG  ]  No samples found: clipandmerge
[2023-02-09 13:48:19,352] multiqc                                            [DEBUG  ]  No samples found: cutadapt
[2023-02-09 13:48:19,355] multiqc                                            [DEBUG  ]  No samples found: flexbar
[2023-02-09 13:48:19,358] multiqc                                            [DEBUG  ]  No samples found: kaiju
[2023-02-09 13:48:19,362] multiqc                                            [DEBUG  ]  No samples found: kraken
[2023-02-09 13:48:19,365] multiqc                                            [DEBUG  ]  No samples found: malt
[2023-02-09 13:48:19,368] multiqc                                            [DEBUG  ]  No samples found: trimmomatic
[2023-02-09 13:48:19,371] multiqc                                            [DEBUG  ]  No samples found: sickle
[2023-02-09 13:48:19,374] multiqc                                            [DEBUG  ]  No samples found: skewer
[2023-02-09 13:48:19,377] multiqc                                            [DEBUG  ]  No samples found: sortmerna
[2023-02-09 13:48:19,380] multiqc                                            [DEBUG  ]  No samples found: biobloomtools
[2023-02-09 13:48:19,383] multiqc                                            [DEBUG  ]  No samples found: fastq_screen
[2023-02-09 13:48:19,387] multiqc                                            [DEBUG  ]  No samples found: afterqc
[2023-02-09 13:48:19,394] multiqc.modules.fastp.fastp                        [DEBUG  ]  No duplication rate plot data: enp1_ribo_rep2.fastp.json
[2023-02-09 13:48:19,399] multiqc.modules.fastp.fastp                        [DEBUG  ]  No duplication rate plot data: enp1_ribo_rep1.fastp.json
[2023-02-09 13:48:19,403] multiqc.modules.fastp.fastp                        [DEBUG  ]  No duplication rate plot data: control_ribo_rep1.fastp.json
[2023-02-09 13:48:19,408] multiqc.modules.fastp.fastp                        [DEBUG  ]  No duplication rate plot data: control_ribo_rep2.fastp.json
[2023-02-09 13:48:19,408] multiqc.modules.fastp.fastp                        [INFO   ]  Found 4 reports
[2023-02-09 13:48:19,418] multiqc                                            [DEBUG  ]  No samples found: fastqc
[2023-02-09 13:48:19,421] multiqc                                            [DEBUG  ]  No samples found: pychopper
[2023-02-09 13:48:19,424] multiqc                                            [DEBUG  ]  No samples found: pycoqc
[2023-02-09 13:48:19,427] multiqc                                            [DEBUG  ]  No samples found: minionqc
[2023-02-09 13:48:19,430] multiqc                                            [DEBUG  ]  No samples found: multivcfanalyzer
[2023-02-09 13:48:19,433] multiqc                                            [DEBUG  ]  No samples found: clusterflow
[2023-02-09 13:48:19,437] multiqc                                            [DEBUG  ]  No samples found: bcl2fastq
[2023-02-09 13:48:19,440] multiqc                                            [DEBUG  ]  No samples found: interop
[2023-02-09 13:48:19,443] multiqc                                            [DEBUG  ]  No samples found: ivar
[2023-02-09 13:48:19,446] multiqc                                            [DEBUG  ]  No samples found: flash
[2023-02-09 13:48:19,449] multiqc                                            [DEBUG  ]  No samples found: seqyclean
[2023-02-09 13:48:19,452] multiqc                                            [DEBUG  ]  No samples found: optitype
[2023-02-09 13:48:19,463] multiqc                                            [INFO   ]  Compressing plot data
[2023-02-09 13:48:19,655] multiqc                                            [INFO   ]  Report      : multiqc_report.html
[2023-02-09 13:48:19,655] multiqc                                            [INFO   ]  Data        : multiqc_data
[2023-02-09 13:48:19,655] multiqc                                            [DEBUG  ]  Moving data file from '/tmp/tmpwkx1wi69/multiqc_data' to '/home/Nikita.Vaulin/Omics/lesson3/multiqc_data'
[2023-02-09 13:48:19,738] multiqc                                            [INFO   ]  MultiQC complete
