[2023-02-09 14:02:17,313] multiqc                                            [DEBUG  ]  No MultiQC config found: /opt/anaconda3/lib/python3.8/site-packages/multiqc_config.yaml
[2023-02-09 14:02:17,313] multiqc                                            [DEBUG  ]  No MultiQC config found: /home/Nikita.Vaulin/.multiqc_config.yaml
[2023-02-09 14:02:17,313] multiqc                                            [DEBUG  ]  No MultiQC config found: multiqc_config.yaml
[2023-02-09 14:02:17,315] multiqc                                            [DEBUG  ]  Loading config settings from: /home/i.pletenev/multiqc_config.rnaseq.yaml
[2023-02-09 14:02:17,315] multiqc                                            [DEBUG  ]  New config 'top_modules': ['fastp', 'salmon', 'samtools', 'picard', 'feature_counts']
[2023-02-09 14:02:17,315] multiqc                                            [DEBUG  ]  Command used: /opt/anaconda3/bin/multiqc /home/Nikita.Vaulin/Omics/lesson3 -c /home/i.pletenev/multiqc_config.rnaseq.yaml
[2023-02-09 14:02:17,640] multiqc                                            [WARNING]  MultiQC Version v1.14 now available!
[2023-02-09 14:02:17,641] multiqc                                            [INFO   ]  This is MultiQC v1.10.1
[2023-02-09 14:02:17,641] multiqc                                            [DEBUG  ]  Command     : /opt/anaconda3/bin/multiqc /home/Nikita.Vaulin/Omics/lesson3 -c /home/i.pletenev/multiqc_config.rnaseq.yaml
[2023-02-09 14:02:17,641] multiqc                                            [DEBUG  ]  Working dir : /home/Nikita.Vaulin/Omics/lesson3
[2023-02-09 14:02:17,641] multiqc                                            [INFO   ]  Template    : default
[2023-02-09 14:02:17,641] multiqc                                            [DEBUG  ]  Running Python 3.8.5 (default, Sep  4 2020, 07:30:14)  [GCC 7.3.0]
[2023-02-09 14:02:17,641] multiqc                                            [INFO   ]  Searching   : /home/Nikita.Vaulin/Omics/lesson3
[2023-02-09 14:02:17,641] multiqc                                            [DEBUG  ]  Analysing modules: fastp, salmon, samtools, picard, custom_content, ngsderive, purple, conpair, peddy, somalier, methylQA, mosdepth, phantompeakqualtools, qualimap, preseq, quast, qorts, rna_seqc, rockhopper, rsem, rseqc, busco, goleft_indexcov, disambiguate, supernova, deeptools, sargasso, verifybamid, mirtrace, happy, mirtop, homer, hops, macs2, theta2, snpeff, gatk, htseq, bcftools, featureCounts, fgbio, dragen, dedup, damageprofiler, biobambam2, jcvi, mtnucratio, sentieon, prokka, qc3C, samblaster, sexdeterrmine, eigenstratdatabasetools, bamtools, jellyfish, vcftools, longranger, stacks, varscan2, bbmap, bismark, biscuit, hicexplorer, hicup, hicpro, kallisto, slamdunk, star, hisat2, tophat, bowtie2, bowtie1, snpsplit, kat, leehom, adapterRemoval, clipandmerge, cutadapt, flexbar, kaiju, kraken, malt, trimmomatic, sickle, skewer, sortmerna, biobloomtools, fastq_screen, afterqc, fastqc, pychopper, pycoqc, minionqc, multivcfanalyzer, clusterflow, bcl2fastq, interop, ivar, flash, seqyclean, optitype
[2023-02-09 14:02:17,641] multiqc                                            [DEBUG  ]  Using temporary directory for creating report: /tmp/tmpluc1rtuz
[2023-02-09 14:02:17,711] multiqc                                            [DEBUG  ]  Ignoring directory as matched fn_ignore_dirs: /home/Nikita.Vaulin/Omics/lesson3/multiqc_data
[2023-02-09 14:02:17,754] multiqc                                            [DEBUG  ]  Ignoring file as matched an ignore pattern: srm1_dT_rep1.R2.fastq.gz
[2023-02-09 14:02:17,754] multiqc                                            [DEBUG  ]  Ignoring file as matched an ignore pattern: enp1_ribo_rep2.R2.fastq.gz
[2023-02-09 14:02:17,755] multiqc                                            [DEBUG  ]  Ignoring file as matched an ignore pattern: csl4_ribo_rep1.R2.fastq.gz
[2023-02-09 14:02:17,755] multiqc                                            [DEBUG  ]  Ignoring file as matched an ignore pattern: control_dT_rep1.R2.fastq.gz
[2023-02-09 14:02:17,755] multiqc                                            [DEBUG  ]  Ignoring file as matched an ignore pattern: srm1_dT_rep1.R1.fastq.gz
[2023-02-09 14:02:17,755] multiqc                                            [DEBUG  ]  Ignoring file as matched an ignore pattern: csl4_ph_dT_rep1.R2.fastq.gz
[2023-02-09 14:02:17,755] multiqc                                            [DEBUG  ]  Ignoring file as matched an ignore pattern: srm1_dT_rep2.R2.fastq.gz
[2023-02-09 14:02:17,755] multiqc                                            [DEBUG  ]  Ignoring file as matched an ignore pattern: control_ribo_rep1.R1.fastq.gz
[2023-02-09 14:02:17,755] multiqc                                            [DEBUG  ]  Ignoring file as matched an ignore pattern: csl4_ph_dT_rep3.R1.fastq.gz
[2023-02-09 14:02:17,755] multiqc                                            [DEBUG  ]  Ignoring file as matched an ignore pattern: control_dT_rep1.R1.fastq.gz
[2023-02-09 14:02:17,755] multiqc                                            [DEBUG  ]  Ignoring file as matched an ignore pattern: control_ribo_rep1.R2.fastq.gz
[2023-02-09 14:02:17,755] multiqc                                            [DEBUG  ]  Ignoring file as matched an ignore pattern: csl4_ph_dT_rep2.R2.fastq.gz
[2023-02-09 14:02:17,755] multiqc                                            [DEBUG  ]  Ignoring file as matched an ignore pattern: csl4_ribo_rep1.R1.fastq.gz
[2023-02-09 14:02:17,755] multiqc                                            [DEBUG  ]  Ignoring file as matched an ignore pattern: csl4_ph_dT_rep1.R1.fastq.gz
[2023-02-09 14:02:17,755] multiqc                                            [DEBUG  ]  Ignoring file as matched an ignore pattern: enp1_dT_rep1.R1.fastq.gz
[2023-02-09 14:02:17,755] multiqc                                            [DEBUG  ]  Ignoring file as matched an ignore pattern: enp1_dT_rep1.R2.fastq.gz
[2023-02-09 14:02:17,755] multiqc                                            [DEBUG  ]  Ignoring file as matched an ignore pattern: csl4_ph_dT_rep2.R1.fastq.gz
[2023-02-09 14:02:17,756] multiqc                                            [DEBUG  ]  Ignoring file as matched an ignore pattern: enp1_dT_rep2.R2.fastq.gz
[2023-02-09 14:02:17,756] multiqc                                            [DEBUG  ]  Ignoring file as matched an ignore pattern: enp1_dT_rep2.R1.fastq.gz
[2023-02-09 14:02:17,756] multiqc                                            [DEBUG  ]  Ignoring file as matched an ignore pattern: enp1_ribo_rep2.R1.fastq.gz
[2023-02-09 14:02:17,756] multiqc                                            [DEBUG  ]  Ignoring file as matched an ignore pattern: control_ribo_rep2.R2.fastq.gz
[2023-02-09 14:02:17,756] multiqc                                            [DEBUG  ]  Ignoring file as matched an ignore pattern: csl4_ribo_rep3.R2.fastq.gz
[2023-02-09 14:02:17,756] multiqc                                            [DEBUG  ]  Ignoring file as matched an ignore pattern: control_dT_rep2.R1.fastq.gz
[2023-02-09 14:02:17,756] multiqc                                            [DEBUG  ]  Ignoring file as matched an ignore pattern: enp1_ribo_rep1.R1.fastq.gz
[2023-02-09 14:02:17,756] multiqc                                            [DEBUG  ]  Ignoring file as matched an ignore pattern: control_dT_rep3.R1.fastq.gz
[2023-02-09 14:02:17,756] multiqc                                            [DEBUG  ]  Ignoring file as matched an ignore pattern: srm1_dT_rep2.R1.fastq.gz
[2023-02-09 14:02:17,756] multiqc                                            [DEBUG  ]  Ignoring file as matched an ignore pattern: control_dT_rep3.R2.fastq.gz
[2023-02-09 14:02:17,756] multiqc                                            [DEBUG  ]  Ignoring file as matched an ignore pattern: csl4_ribo_rep3.R1.fastq.gz
[2023-02-09 14:02:17,756] multiqc                                            [DEBUG  ]  Ignoring file as matched an ignore pattern: control_ribo_rep2.R1.fastq.gz
[2023-02-09 14:02:17,756] multiqc                                            [DEBUG  ]  Ignoring file as matched an ignore pattern: csl4_ph_dT_rep3.R2.fastq.gz
[2023-02-09 14:02:17,756] multiqc                                            [DEBUG  ]  Ignoring file as matched an ignore pattern: csl4_ribo_rep2.R2.fastq.gz
[2023-02-09 14:02:17,756] multiqc                                            [DEBUG  ]  Ignoring file as matched an ignore pattern: control_dT_rep2.R2.fastq.gz
[2023-02-09 14:02:17,762] multiqc                                            [DEBUG  ]  Ignoring file as matched an ignore pattern: csl4_ribo_rep2.R1.fastq.gz
[2023-02-09 14:02:17,762] multiqc                                            [DEBUG  ]  Ignoring file as matched an ignore pattern: enp1_ribo_rep1.R2.fastq.gz
[2023-02-09 14:02:17,762] multiqc                                            [DEBUG  ]  Ignoring file as matched an ignore pattern: SRR9685689_2.fastq.gz
[2023-02-09 14:02:17,762] multiqc                                            [DEBUG  ]  Ignoring file as matched an ignore pattern: SRR9685690_2.fastq.gz
[2023-02-09 14:02:17,762] multiqc                                            [DEBUG  ]  Ignoring file as matched an ignore pattern: SRR9685683_2.fastq.gz
[2023-02-09 14:02:17,763] multiqc                                            [DEBUG  ]  Ignoring file as matched an ignore pattern: SRR9685684_1.fastq.gz
[2023-02-09 14:02:17,763] multiqc                                            [DEBUG  ]  Ignoring file as matched an ignore pattern: SRR9685687_2.fastq.gz
[2023-02-09 14:02:17,763] multiqc                                            [DEBUG  ]  Ignoring file as matched an ignore pattern: SRR9685687_1.fastq.gz
[2023-02-09 14:02:17,763] multiqc                                            [DEBUG  ]  Ignoring file as matched an ignore pattern: SRR9685688_1.fastq.gz
[2023-02-09 14:02:17,763] multiqc                                            [DEBUG  ]  Ignoring file as matched an ignore pattern: SRR9685688_2.fastq.gz
[2023-02-09 14:02:17,763] multiqc                                            [DEBUG  ]  Ignoring file as matched an ignore pattern: SRR9685689_1.fastq.gz
[2023-02-09 14:02:17,763] multiqc                                            [DEBUG  ]  Ignoring file as matched an ignore pattern: SRR9685683_1.fastq.gz
[2023-02-09 14:02:17,763] multiqc                                            [DEBUG  ]  Ignoring file as matched an ignore pattern: SRR9685690_1.fastq.gz
[2023-02-09 14:02:17,763] multiqc                                            [DEBUG  ]  Ignoring file as matched an ignore pattern: SRR9685684_2.fastq.gz
[2023-02-09 14:02:17,775] multiqc                                            [DEBUG  ]  File ignored by hicexplorer because it exceeded search pattern filesize limit: refAccumLengths.bin
[2023-02-09 14:02:17,776] multiqc                                            [DEBUG  ]  File ignored by longranger/invocation because it exceeded search pattern filesize limit: refAccumLengths.bin
[2023-02-09 14:02:17,786] multiqc                                            [DEBUG  ]  File ignored by longranger/invocation because it exceeded search pattern filesize limit: ref_indexing.log
[2023-02-09 14:02:17,790] multiqc                                            [DEBUG  ]  File ignored by hicexplorer because it exceeded search pattern filesize limit: refseq.bin
[2023-02-09 14:02:17,791] multiqc                                            [DEBUG  ]  File ignored by longranger/invocation because it exceeded search pattern filesize limit: refseq.bin
[2023-02-09 14:02:17,791] multiqc                                            [DEBUG  ]  File ignored by rockhopper because it exceeded search pattern filesize limit: refseq.bin
[2023-02-09 14:02:17,791] multiqc                                            [DEBUG  ]  File ignored by rseqc/bam_stat because it exceeded search pattern filesize limit: refseq.bin
[2023-02-09 14:02:17,791] multiqc                                            [DEBUG  ]  File ignored by rseqc/junction_annotation because it exceeded search pattern filesize limit: refseq.bin
[2023-02-09 14:02:17,791] multiqc                                            [DEBUG  ]  File ignored by rseqc/read_distribution because it exceeded search pattern filesize limit: refseq.bin
[2023-02-09 14:02:17,791] multiqc                                            [DEBUG  ]  File ignored by rseqc/infer_experiment because it exceeded search pattern filesize limit: refseq.bin
[2023-02-09 14:02:17,792] multiqc                                            [DEBUG  ]  File ignored by stacks/sumstats because it exceeded search pattern filesize limit: refseq.bin
[2023-02-09 14:02:17,795] multiqc                                            [DEBUG  ]  File ignored by hicexplorer because it exceeded search pattern filesize limit: seq.bin
[2023-02-09 14:02:17,796] multiqc                                            [DEBUG  ]  File ignored by longranger/invocation because it exceeded search pattern filesize limit: seq.bin
[2023-02-09 14:02:17,796] multiqc                                            [DEBUG  ]  File ignored by rockhopper because it exceeded search pattern filesize limit: seq.bin
[2023-02-09 14:02:17,796] multiqc                                            [DEBUG  ]  File ignored by rseqc/bam_stat because it exceeded search pattern filesize limit: seq.bin
[2023-02-09 14:02:17,796] multiqc                                            [DEBUG  ]  File ignored by rseqc/junction_annotation because it exceeded search pattern filesize limit: seq.bin
[2023-02-09 14:02:17,796] multiqc                                            [DEBUG  ]  File ignored by rseqc/read_distribution because it exceeded search pattern filesize limit: seq.bin
[2023-02-09 14:02:17,796] multiqc                                            [DEBUG  ]  File ignored by rseqc/infer_experiment because it exceeded search pattern filesize limit: seq.bin
[2023-02-09 14:02:17,796] multiqc                                            [DEBUG  ]  File ignored by stacks/sumstats because it exceeded search pattern filesize limit: seq.bin
[2023-02-09 14:02:17,800] multiqc                                            [DEBUG  ]  File ignored by hicexplorer because it exceeded search pattern filesize limit: rank.bin
[2023-02-09 14:02:17,801] multiqc                                            [DEBUG  ]  File ignored by longranger/invocation because it exceeded search pattern filesize limit: rank.bin
[2023-02-09 14:02:17,801] multiqc                                            [DEBUG  ]  File ignored by rockhopper because it exceeded search pattern filesize limit: rank.bin
[2023-02-09 14:02:17,801] multiqc                                            [DEBUG  ]  File ignored by rseqc/bam_stat because it exceeded search pattern filesize limit: rank.bin
[2023-02-09 14:02:17,801] multiqc                                            [DEBUG  ]  File ignored by rseqc/junction_annotation because it exceeded search pattern filesize limit: rank.bin
[2023-02-09 14:02:17,801] multiqc                                            [DEBUG  ]  File ignored by rseqc/read_distribution because it exceeded search pattern filesize limit: rank.bin
[2023-02-09 14:02:17,801] multiqc                                            [DEBUG  ]  File ignored by rseqc/infer_experiment because it exceeded search pattern filesize limit: rank.bin
[2023-02-09 14:02:17,801] multiqc                                            [DEBUG  ]  File ignored by stacks/sumstats because it exceeded search pattern filesize limit: rank.bin
[2023-02-09 14:02:17,810] multiqc                                            [DEBUG  ]  File ignored by hicexplorer because it exceeded search pattern filesize limit: mphf.bin
[2023-02-09 14:02:17,811] multiqc                                            [DEBUG  ]  File ignored by longranger/invocation because it exceeded search pattern filesize limit: mphf.bin
[2023-02-09 14:02:17,811] multiqc                                            [DEBUG  ]  File ignored by rockhopper because it exceeded search pattern filesize limit: mphf.bin
[2023-02-09 14:02:17,811] multiqc                                            [DEBUG  ]  File ignored by rseqc/bam_stat because it exceeded search pattern filesize limit: mphf.bin
[2023-02-09 14:02:17,811] multiqc                                            [DEBUG  ]  File ignored by rseqc/junction_annotation because it exceeded search pattern filesize limit: mphf.bin
[2023-02-09 14:02:17,811] multiqc                                            [DEBUG  ]  File ignored by rseqc/read_distribution because it exceeded search pattern filesize limit: mphf.bin
[2023-02-09 14:02:17,811] multiqc                                            [DEBUG  ]  File ignored by rseqc/infer_experiment because it exceeded search pattern filesize limit: mphf.bin
[2023-02-09 14:02:17,811] multiqc                                            [DEBUG  ]  File ignored by snpeff because it exceeded search pattern filesize limit: mphf.bin
[2023-02-09 14:02:17,811] multiqc                                            [DEBUG  ]  File ignored by stacks/sumstats because it exceeded search pattern filesize limit: mphf.bin
[2023-02-09 14:02:17,817] multiqc                                            [DEBUG  ]  File ignored by hicexplorer because it exceeded search pattern filesize limit: ctg_offsets.bin
[2023-02-09 14:02:17,818] multiqc                                            [DEBUG  ]  File ignored by longranger/invocation because it exceeded search pattern filesize limit: ctg_offsets.bin
[2023-02-09 14:02:17,822] multiqc                                            [DEBUG  ]  File ignored by hicexplorer because it exceeded search pattern filesize limit: ctable.bin
[2023-02-09 14:02:17,823] multiqc                                            [DEBUG  ]  File ignored by longranger/invocation because it exceeded search pattern filesize limit: ctable.bin
[2023-02-09 14:02:17,826] multiqc                                            [DEBUG  ]  File ignored by hicexplorer because it exceeded search pattern filesize limit: reflengths.bin
[2023-02-09 14:02:17,827] multiqc                                            [DEBUG  ]  File ignored by longranger/invocation because it exceeded search pattern filesize limit: reflengths.bin
[2023-02-09 14:02:17,831] multiqc                                            [DEBUG  ]  File ignored by hicexplorer because it exceeded search pattern filesize limit: complete_ref_lens.bin
[2023-02-09 14:02:17,832] multiqc                                            [DEBUG  ]  File ignored by longranger/invocation because it exceeded search pattern filesize limit: complete_ref_lens.bin
[2023-02-09 14:02:17,836] multiqc                                            [DEBUG  ]  File ignored by hicexplorer because it exceeded search pattern filesize limit: control_ribo_rep1.zip
[2023-02-09 14:02:17,837] multiqc                                            [DEBUG  ]  File ignored by longranger/invocation because it exceeded search pattern filesize limit: control_ribo_rep1.zip
[2023-02-09 14:02:17,837] multiqc                                            [DEBUG  ]  File ignored by rockhopper because it exceeded search pattern filesize limit: control_ribo_rep1.zip
[2023-02-09 14:02:17,837] multiqc                                            [DEBUG  ]  File ignored by rseqc/bam_stat because it exceeded search pattern filesize limit: control_ribo_rep1.zip
[2023-02-09 14:02:17,837] multiqc                                            [DEBUG  ]  File ignored by rseqc/junction_annotation because it exceeded search pattern filesize limit: control_ribo_rep1.zip
[2023-02-09 14:02:17,837] multiqc                                            [DEBUG  ]  File ignored by rseqc/read_distribution because it exceeded search pattern filesize limit: control_ribo_rep1.zip
[2023-02-09 14:02:17,837] multiqc                                            [DEBUG  ]  File ignored by rseqc/infer_experiment because it exceeded search pattern filesize limit: control_ribo_rep1.zip
[2023-02-09 14:02:17,851] multiqc                                            [DEBUG  ]  File ignored by hicexplorer because it exceeded search pattern filesize limit: quant.sf
[2023-02-09 14:02:17,852] multiqc                                            [DEBUG  ]  File ignored by longranger/invocation because it exceeded search pattern filesize limit: quant.sf
[2023-02-09 14:02:17,980] multiqc                                            [DEBUG  ]  File ignored by hicexplorer because it exceeded search pattern filesize limit: ambig_info.tsv
[2023-02-09 14:02:17,981] multiqc                                            [DEBUG  ]  File ignored by longranger/invocation because it exceeded search pattern filesize limit: ambig_info.tsv
[2023-02-09 14:02:18,091] multiqc                                            [DEBUG  ]  File ignored by longranger/invocation because it exceeded search pattern filesize limit: salmon_quant.log
[2023-02-09 14:02:18,106] multiqc                                            [DEBUG  ]  File ignored by hicexplorer because it exceeded search pattern filesize limit: quant.sf
[2023-02-09 14:02:18,107] multiqc                                            [DEBUG  ]  File ignored by longranger/invocation because it exceeded search pattern filesize limit: quant.sf
[2023-02-09 14:02:18,234] multiqc                                            [DEBUG  ]  File ignored by hicexplorer because it exceeded search pattern filesize limit: ambig_info.tsv
[2023-02-09 14:02:18,235] multiqc                                            [DEBUG  ]  File ignored by longranger/invocation because it exceeded search pattern filesize limit: ambig_info.tsv
[2023-02-09 14:02:18,346] multiqc                                            [DEBUG  ]  File ignored by longranger/invocation because it exceeded search pattern filesize limit: salmon_quant.log
[2023-02-09 14:02:18,361] multiqc                                            [DEBUG  ]  File ignored by hicexplorer because it exceeded search pattern filesize limit: quant.sf
[2023-02-09 14:02:18,362] multiqc                                            [DEBUG  ]  File ignored by longranger/invocation because it exceeded search pattern filesize limit: quant.sf
[2023-02-09 14:02:18,489] multiqc                                            [DEBUG  ]  File ignored by hicexplorer because it exceeded search pattern filesize limit: ambig_info.tsv
[2023-02-09 14:02:18,490] multiqc                                            [DEBUG  ]  File ignored by longranger/invocation because it exceeded search pattern filesize limit: ambig_info.tsv
[2023-02-09 14:02:18,606] multiqc                                            [DEBUG  ]  File ignored by longranger/invocation because it exceeded search pattern filesize limit: salmon_quant.log
[2023-02-09 14:02:18,621] multiqc                                            [DEBUG  ]  File ignored by hicexplorer because it exceeded search pattern filesize limit: quant.sf
[2023-02-09 14:02:18,622] multiqc                                            [DEBUG  ]  File ignored by longranger/invocation because it exceeded search pattern filesize limit: quant.sf
[2023-02-09 14:02:18,747] multiqc                                            [DEBUG  ]  File ignored by hicexplorer because it exceeded search pattern filesize limit: ambig_info.tsv
[2023-02-09 14:02:18,748] multiqc                                            [DEBUG  ]  File ignored by longranger/invocation because it exceeded search pattern filesize limit: ambig_info.tsv
[2023-02-09 14:02:18,867] multiqc                                            [DEBUG  ]  File ignored by longranger/invocation because it exceeded search pattern filesize limit: salmon_quant.log
[2023-02-09 14:02:18,872] multiqc                                            [DEBUG  ]  File ignored by hicexplorer because it exceeded search pattern filesize limit: counts.txt
[2023-02-09 14:02:18,873] multiqc                                            [DEBUG  ]  File ignored by longranger/invocation because it exceeded search pattern filesize limit: counts.txt
[2023-02-09 14:02:18,998] multiqc                                            [DEBUG  ]  Ignoring file as matched an ignore pattern: enp1_ribo_rep2.R1.filt.fastq.gz
[2023-02-09 14:02:18,998] multiqc                                            [DEBUG  ]  Ignoring file as matched an ignore pattern: enp1_ribo_rep2.fastp.html
[2023-02-09 14:02:18,998] multiqc                                            [DEBUG  ]  Ignoring file as matched an ignore pattern: enp1_ribo_rep1.fastp.html
[2023-02-09 14:02:18,999] multiqc                                            [DEBUG  ]  Ignoring file as matched an ignore pattern: control_ribo_rep2.R1.filt.fastq.gz
[2023-02-09 14:02:18,999] multiqc                                            [DEBUG  ]  Ignoring file as matched an ignore pattern: control_ribo_rep2.R2.filt.fastq.gz
[2023-02-09 14:02:18,999] multiqc                                            [DEBUG  ]  Ignoring file as matched an ignore pattern: enp1_ribo_rep2.R2.filt.fastq.gz
[2023-02-09 14:02:18,999] multiqc                                            [DEBUG  ]  Ignoring file as matched an ignore pattern: control_ribo_rep1.R2.filt.fastq.gz
[2023-02-09 14:02:19,000] multiqc                                            [DEBUG  ]  Ignoring file as matched an ignore pattern: control_ribo_rep1.fastp.html
[2023-02-09 14:02:19,000] multiqc                                            [DEBUG  ]  Ignoring file as matched an ignore pattern: control_ribo_rep2.fastp.html
[2023-02-09 14:02:19,000] multiqc                                            [DEBUG  ]  Ignoring file as matched an ignore pattern: enp1_ribo_rep1.R1.filt.fastq.gz
[2023-02-09 14:02:19,000] multiqc                                            [DEBUG  ]  Ignoring file as matched an ignore pattern: enp1_ribo_rep1.R2.filt.fastq.gz
[2023-02-09 14:02:19,000] multiqc                                            [DEBUG  ]  Ignoring file as matched an ignore pattern: control_ribo_rep1.R1.filt.fastq.gz
[2023-02-09 14:02:19,007] multiqc                                            [DEBUG  ]  File ignored by hicexplorer because it exceeded search pattern filesize limit: marked_dup_metrics.txt
[2023-02-09 14:02:19,008] multiqc                                            [DEBUG  ]  File ignored by longranger/invocation because it exceeded search pattern filesize limit: marked_dup_metrics.txt
[2023-02-09 14:02:19,016] multiqc                                            [DEBUG  ]  Ignoring file as matched an ignore pattern: control_ribo_rep1_sorted_markdup_filt.bam
[2023-02-09 14:02:19,016] multiqc                                            [DEBUG  ]  Ignoring file as matched an ignore pattern: control_ribo_rep1_sorted.bam
[2023-02-09 14:02:19,017] multiqc                                            [DEBUG  ]  Ignoring file as matched an ignore pattern: control_ribo_rep1.bam
[2023-02-09 14:02:19,022] multiqc                                            [DEBUG  ]  Ignoring file as matched an ignore pattern: control_ribo_rep1_sorted_markdup.bam
[2023-02-09 14:02:19,024] multiqc                                            [DEBUG  ]  File ignored by hicexplorer because it exceeded search pattern filesize limit: control_ribo_rep1_sorted_markdup.stats
[2023-02-09 14:02:19,025] multiqc                                            [DEBUG  ]  File ignored by longranger/invocation because it exceeded search pattern filesize limit: control_ribo_rep1_sorted_markdup.stats
[2023-02-09 14:02:19,168] multiqc                                            [DEBUG  ]  Ignoring file as matched an ignore pattern: Saccharomyces_cerevisiae.R64-1-1.dna_sm.toplevel.fa
[2023-02-09 14:02:19,168] multiqc                                            [DEBUG  ]  Ignoring file as matched an ignore pattern: Saccharomyces_cerevisiae.R64-1-1.108.gtf
[2023-02-09 14:02:19,168] multiqc                                            [DEBUG  ]  Ignoring file as matched an ignore pattern: Saccharomyces_cerevisiae.R64-1-1.cdna.all.fa
[2023-02-09 14:02:19,171] multiqc                                            [DEBUG  ]  File ignored by hicexplorer because it exceeded search pattern filesize limit: exons.tsv
[2023-02-09 14:02:19,172] multiqc                                            [DEBUG  ]  File ignored by longranger/invocation because it exceeded search pattern filesize limit: exons.tsv
[2023-02-09 14:02:19,276] multiqc                                            [DEBUG  ]  File ignored by hicexplorer because it exceeded search pattern filesize limit: sac_cer.8.ht2
[2023-02-09 14:02:19,277] multiqc                                            [DEBUG  ]  File ignored by longranger/invocation because it exceeded search pattern filesize limit: sac_cer.8.ht2
[2023-02-09 14:02:19,281] multiqc                                            [DEBUG  ]  File ignored by hicexplorer because it exceeded search pattern filesize limit: sac_cer.7.ht2
[2023-02-09 14:02:19,282] multiqc                                            [DEBUG  ]  File ignored by longranger/invocation because it exceeded search pattern filesize limit: sac_cer.7.ht2
[2023-02-09 14:02:19,286] multiqc                                            [DEBUG  ]  File ignored by hicexplorer because it exceeded search pattern filesize limit: sac_cer.5.ht2
[2023-02-09 14:02:19,287] multiqc                                            [DEBUG  ]  File ignored by longranger/invocation because it exceeded search pattern filesize limit: sac_cer.5.ht2
[2023-02-09 14:02:19,287] multiqc                                            [DEBUG  ]  File ignored by rockhopper because it exceeded search pattern filesize limit: sac_cer.5.ht2
[2023-02-09 14:02:19,287] multiqc                                            [DEBUG  ]  File ignored by rseqc/bam_stat because it exceeded search pattern filesize limit: sac_cer.5.ht2
[2023-02-09 14:02:19,287] multiqc                                            [DEBUG  ]  File ignored by rseqc/junction_annotation because it exceeded search pattern filesize limit: sac_cer.5.ht2
[2023-02-09 14:02:19,287] multiqc                                            [DEBUG  ]  File ignored by rseqc/read_distribution because it exceeded search pattern filesize limit: sac_cer.5.ht2
[2023-02-09 14:02:19,287] multiqc                                            [DEBUG  ]  File ignored by rseqc/infer_experiment because it exceeded search pattern filesize limit: sac_cer.5.ht2
[2023-02-09 14:02:19,287] multiqc                                            [DEBUG  ]  File ignored by snpeff because it exceeded search pattern filesize limit: sac_cer.5.ht2
[2023-02-09 14:02:19,287] multiqc                                            [DEBUG  ]  File ignored by stacks/sumstats because it exceeded search pattern filesize limit: sac_cer.5.ht2
[2023-02-09 14:02:19,291] multiqc                                            [DEBUG  ]  File ignored by hicexplorer because it exceeded search pattern filesize limit: sac_cer.6.ht2
[2023-02-09 14:02:19,291] multiqc                                            [DEBUG  ]  File ignored by longranger/invocation because it exceeded search pattern filesize limit: sac_cer.6.ht2
[2023-02-09 14:02:19,292] multiqc                                            [DEBUG  ]  File ignored by rockhopper because it exceeded search pattern filesize limit: sac_cer.6.ht2
[2023-02-09 14:02:19,292] multiqc                                            [DEBUG  ]  File ignored by rseqc/bam_stat because it exceeded search pattern filesize limit: sac_cer.6.ht2
[2023-02-09 14:02:19,292] multiqc                                            [DEBUG  ]  File ignored by rseqc/junction_annotation because it exceeded search pattern filesize limit: sac_cer.6.ht2
[2023-02-09 14:02:19,292] multiqc                                            [DEBUG  ]  File ignored by rseqc/read_distribution because it exceeded search pattern filesize limit: sac_cer.6.ht2
[2023-02-09 14:02:19,292] multiqc                                            [DEBUG  ]  File ignored by rseqc/infer_experiment because it exceeded search pattern filesize limit: sac_cer.6.ht2
[2023-02-09 14:02:19,292] multiqc                                            [DEBUG  ]  File ignored by stacks/sumstats because it exceeded search pattern filesize limit: sac_cer.6.ht2
[2023-02-09 14:02:19,295] multiqc                                            [DEBUG  ]  File ignored by hicexplorer because it exceeded search pattern filesize limit: sac_cer.2.ht2
[2023-02-09 14:02:19,296] multiqc                                            [DEBUG  ]  File ignored by longranger/invocation because it exceeded search pattern filesize limit: sac_cer.2.ht2
[2023-02-09 14:02:19,296] multiqc                                            [DEBUG  ]  File ignored by rockhopper because it exceeded search pattern filesize limit: sac_cer.2.ht2
[2023-02-09 14:02:19,296] multiqc                                            [DEBUG  ]  File ignored by rseqc/bam_stat because it exceeded search pattern filesize limit: sac_cer.2.ht2
[2023-02-09 14:02:19,296] multiqc                                            [DEBUG  ]  File ignored by rseqc/junction_annotation because it exceeded search pattern filesize limit: sac_cer.2.ht2
[2023-02-09 14:02:19,296] multiqc                                            [DEBUG  ]  File ignored by rseqc/read_distribution because it exceeded search pattern filesize limit: sac_cer.2.ht2
[2023-02-09 14:02:19,297] multiqc                                            [DEBUG  ]  File ignored by rseqc/infer_experiment because it exceeded search pattern filesize limit: sac_cer.2.ht2
[2023-02-09 14:02:19,297] multiqc                                            [DEBUG  ]  File ignored by stacks/sumstats because it exceeded search pattern filesize limit: sac_cer.2.ht2
[2023-02-09 14:02:19,305] multiqc                                            [DEBUG  ]  File ignored by hicexplorer because it exceeded search pattern filesize limit: sac_cer.4.ht2
[2023-02-09 14:02:19,306] multiqc                                            [DEBUG  ]  File ignored by longranger/invocation because it exceeded search pattern filesize limit: sac_cer.4.ht2
[2023-02-09 14:02:19,306] multiqc                                            [DEBUG  ]  File ignored by rockhopper because it exceeded search pattern filesize limit: sac_cer.4.ht2
[2023-02-09 14:02:19,306] multiqc                                            [DEBUG  ]  File ignored by rseqc/bam_stat because it exceeded search pattern filesize limit: sac_cer.4.ht2
[2023-02-09 14:02:19,306] multiqc                                            [DEBUG  ]  File ignored by rseqc/junction_annotation because it exceeded search pattern filesize limit: sac_cer.4.ht2
[2023-02-09 14:02:19,306] multiqc                                            [DEBUG  ]  File ignored by rseqc/read_distribution because it exceeded search pattern filesize limit: sac_cer.4.ht2
[2023-02-09 14:02:19,306] multiqc                                            [DEBUG  ]  File ignored by rseqc/infer_experiment because it exceeded search pattern filesize limit: sac_cer.4.ht2
[2023-02-09 14:02:19,306] multiqc                                            [DEBUG  ]  File ignored by stacks/sumstats because it exceeded search pattern filesize limit: sac_cer.4.ht2
[2023-02-09 14:02:19,310] multiqc                                            [DEBUG  ]  File ignored by hicexplorer because it exceeded search pattern filesize limit: splicesites.tsv
[2023-02-09 14:02:19,311] multiqc                                            [DEBUG  ]  File ignored by longranger/invocation because it exceeded search pattern filesize limit: splicesites.tsv
[2023-02-09 14:02:19,524] multiqc.plots.bargraph                             [DEBUG  ]  Using matplotlib version 3.3.2
[2023-02-09 14:02:19,524] multiqc.plots.linegraph                            [DEBUG  ]  Using matplotlib version 3.3.2
[2023-02-09 14:02:19,577] multiqc.modules.fastp.fastp                        [DEBUG  ]  No duplication rate plot data: enp1_ribo_rep2.fastp.json
[2023-02-09 14:02:19,580] multiqc.modules.fastp.fastp                        [DEBUG  ]  No duplication rate plot data: enp1_ribo_rep1.fastp.json
[2023-02-09 14:02:19,582] multiqc.modules.fastp.fastp                        [DEBUG  ]  No duplication rate plot data: control_ribo_rep1.fastp.json
[2023-02-09 14:02:19,584] multiqc.modules.fastp.fastp                        [DEBUG  ]  No duplication rate plot data: control_ribo_rep2.fastp.json
[2023-02-09 14:02:19,585] multiqc.modules.fastp.fastp                        [INFO   ]  Found 4 reports
[2023-02-09 14:02:19,605] multiqc.modules.salmon.salmon                      [INFO   ]  Found 4 meta reports
[2023-02-09 14:02:19,606] multiqc.modules.salmon.salmon                      [INFO   ]  Found 4 fragment length distributions
[2023-02-09 14:02:19,640] multiqc.modules.samtools.samtools                  [INFO   ]  Found 1 stats reports
[2023-02-09 14:02:19,644] multiqc.modules.samtools.samtools                  [INFO   ]  Found 2 flagstat reports
[2023-02-09 14:02:19,653] multiqc.modules.picard.picard                      [INFO   ]  Found 1 MarkDuplicates reports
[2023-02-09 14:02:19,657] multiqc                                            [DEBUG  ]  No samples found: custom_content
[2023-02-09 14:02:19,661] multiqc                                            [DEBUG  ]  No samples found: ngsderive
[2023-02-09 14:02:19,664] multiqc                                            [DEBUG  ]  No samples found: purple
[2023-02-09 14:02:19,667] multiqc                                            [DEBUG  ]  No samples found: conpair
[2023-02-09 14:02:19,671] multiqc                                            [DEBUG  ]  No samples found: peddy
[2023-02-09 14:02:19,674] multiqc                                            [DEBUG  ]  No samples found: somalier
[2023-02-09 14:02:19,677] multiqc                                            [DEBUG  ]  No samples found: methylQA
[2023-02-09 14:02:19,681] multiqc                                            [DEBUG  ]  No samples found: mosdepth
[2023-02-09 14:02:19,684] multiqc                                            [DEBUG  ]  No samples found: phantompeakqualtools
[2023-02-09 14:02:19,687] multiqc                                            [DEBUG  ]  No samples found: qualimap
[2023-02-09 14:02:19,690] multiqc                                            [DEBUG  ]  No samples found: preseq
[2023-02-09 14:02:19,693] multiqc                                            [DEBUG  ]  No samples found: quast
[2023-02-09 14:02:19,697] multiqc                                            [DEBUG  ]  No samples found: qorts
[2023-02-09 14:02:19,700] multiqc                                            [DEBUG  ]  No samples found: rna_seqc
[2023-02-09 14:02:19,703] multiqc                                            [DEBUG  ]  No samples found: rockhopper
[2023-02-09 14:02:19,706] multiqc                                            [DEBUG  ]  No samples found: rsem
[2023-02-09 14:02:19,711] multiqc                                            [DEBUG  ]  No samples found: rseqc
[2023-02-09 14:02:19,714] multiqc                                            [DEBUG  ]  No samples found: busco
[2023-02-09 14:02:19,717] multiqc                                            [DEBUG  ]  No samples found: goleft_indexcov
[2023-02-09 14:02:19,720] multiqc                                            [DEBUG  ]  No samples found: disambiguate
[2023-02-09 14:02:19,723] multiqc                                            [DEBUG  ]  No samples found: supernova
[2023-02-09 14:02:19,728] multiqc                                            [DEBUG  ]  No samples found: deeptools
[2023-02-09 14:02:19,731] multiqc                                            [DEBUG  ]  No samples found: sargasso
[2023-02-09 14:02:19,734] multiqc                                            [DEBUG  ]  No samples found: verifybamid
[2023-02-09 14:02:19,738] multiqc                                            [DEBUG  ]  No samples found: mirtrace
[2023-02-09 14:02:19,741] multiqc                                            [DEBUG  ]  No samples found: happy
[2023-02-09 14:02:19,744] multiqc                                            [DEBUG  ]  No samples found: mirtop
[2023-02-09 14:02:19,748] multiqc                                            [DEBUG  ]  No samples found: homer
[2023-02-09 14:02:19,751] multiqc                                            [DEBUG  ]  No samples found: hops
[2023-02-09 14:02:19,754] multiqc                                            [DEBUG  ]  No samples found: macs2
[2023-02-09 14:02:19,757] multiqc                                            [DEBUG  ]  No samples found: theta2
[2023-02-09 14:02:19,760] multiqc                                            [DEBUG  ]  No samples found: snpeff
[2023-02-09 14:02:19,764] multiqc                                            [DEBUG  ]  No samples found: gatk
[2023-02-09 14:02:19,767] multiqc                                            [DEBUG  ]  No samples found: htseq
[2023-02-09 14:02:19,770] multiqc                                            [DEBUG  ]  No samples found: bcftools
[2023-02-09 14:02:19,774] multiqc.modules.featureCounts.feature_counts       [INFO   ]  Found 1 reports
[2023-02-09 14:02:19,778] multiqc                                            [DEBUG  ]  No samples found: fgbio
[2023-02-09 14:02:19,783] multiqc                                            [DEBUG  ]  No samples found: dragen
[2023-02-09 14:02:19,786] multiqc                                            [DEBUG  ]  No samples found: dedup
[2023-02-09 14:02:19,789] multiqc                                            [DEBUG  ]  No samples found: damageprofiler
[2023-02-09 14:02:19,792] multiqc                                            [DEBUG  ]  No samples found: biobambam2
[2023-02-09 14:02:19,795] multiqc                                            [DEBUG  ]  No samples found: jcvi
[2023-02-09 14:02:19,798] multiqc                                            [DEBUG  ]  No samples found: mtnucratio
[2023-02-09 14:02:19,802] multiqc                                            [DEBUG  ]  No samples found: sentieon
[2023-02-09 14:02:19,805] multiqc                                            [DEBUG  ]  No samples found: prokka
[2023-02-09 14:02:19,809] multiqc                                            [DEBUG  ]  No samples found: qc3C
[2023-02-09 14:02:19,812] multiqc                                            [DEBUG  ]  No samples found: samblaster
[2023-02-09 14:02:19,815] multiqc                                            [DEBUG  ]  No samples found: sexdeterrmine
[2023-02-09 14:02:19,818] multiqc                                            [DEBUG  ]  No samples found: eigenstratdatabasetools
[2023-02-09 14:02:19,821] multiqc                                            [DEBUG  ]  No samples found: bamtools
[2023-02-09 14:02:19,824] multiqc                                            [DEBUG  ]  No samples found: jellyfish
[2023-02-09 14:02:19,828] multiqc                                            [DEBUG  ]  No samples found: vcftools
[2023-02-09 14:02:19,831] multiqc                                            [DEBUG  ]  No samples found: longranger
[2023-02-09 14:02:19,834] multiqc                                            [DEBUG  ]  No samples found: stacks
[2023-02-09 14:02:19,838] multiqc                                            [DEBUG  ]  No samples found: varscan2
[2023-02-09 14:02:19,843] multiqc                                            [DEBUG  ]  No samples found: bbmap
[2023-02-09 14:02:19,846] multiqc                                            [DEBUG  ]  No samples found: bismark
[2023-02-09 14:02:19,850] multiqc                                            [DEBUG  ]  No samples found: biscuit
[2023-02-09 14:02:19,853] multiqc                                            [DEBUG  ]  No samples found: hicexplorer
[2023-02-09 14:02:19,856] multiqc                                            [DEBUG  ]  No samples found: hicup
[2023-02-09 14:02:19,859] multiqc                                            [DEBUG  ]  No samples found: hicpro
[2023-02-09 14:02:19,863] multiqc                                            [DEBUG  ]  No samples found: kallisto
[2023-02-09 14:02:19,866] multiqc                                            [DEBUG  ]  No samples found: slamdunk
[2023-02-09 14:02:19,869] multiqc                                            [DEBUG  ]  No samples found: star
[2023-02-09 14:02:19,872] multiqc                                            [DEBUG  ]  No samples found: hisat2
[2023-02-09 14:02:19,875] multiqc                                            [DEBUG  ]  No samples found: tophat
[2023-02-09 14:02:19,878] multiqc                                            [DEBUG  ]  No samples found: bowtie2
[2023-02-09 14:02:19,882] multiqc                                            [DEBUG  ]  No samples found: bowtie1
[2023-02-09 14:02:19,885] multiqc                                            [DEBUG  ]  No samples found: snpsplit
[2023-02-09 14:02:19,888] multiqc                                            [DEBUG  ]  No samples found: kat
[2023-02-09 14:02:19,891] multiqc                                            [DEBUG  ]  No samples found: leehom
[2023-02-09 14:02:19,894] multiqc                                            [DEBUG  ]  No samples found: adapterRemoval
[2023-02-09 14:02:19,897] multiqc                                            [DEBUG  ]  No samples found: clipandmerge
[2023-02-09 14:02:19,900] multiqc                                            [DEBUG  ]  No samples found: cutadapt
[2023-02-09 14:02:19,904] multiqc                                            [DEBUG  ]  No samples found: flexbar
[2023-02-09 14:02:19,907] multiqc                                            [DEBUG  ]  No samples found: kaiju
[2023-02-09 14:02:19,910] multiqc                                            [DEBUG  ]  No samples found: kraken
[2023-02-09 14:02:19,913] multiqc                                            [DEBUG  ]  No samples found: malt
[2023-02-09 14:02:19,916] multiqc                                            [DEBUG  ]  No samples found: trimmomatic
[2023-02-09 14:02:19,919] multiqc                                            [DEBUG  ]  No samples found: sickle
[2023-02-09 14:02:19,922] multiqc                                            [DEBUG  ]  No samples found: skewer
[2023-02-09 14:02:19,926] multiqc                                            [DEBUG  ]  No samples found: sortmerna
[2023-02-09 14:02:19,929] multiqc                                            [DEBUG  ]  No samples found: biobloomtools
[2023-02-09 14:02:19,932] multiqc                                            [DEBUG  ]  No samples found: fastq_screen
[2023-02-09 14:02:19,935] multiqc                                            [DEBUG  ]  No samples found: afterqc
[2023-02-09 14:02:19,938] multiqc                                            [DEBUG  ]  No samples found: fastqc
[2023-02-09 14:02:19,942] multiqc                                            [DEBUG  ]  No samples found: pychopper
[2023-02-09 14:02:19,945] multiqc                                            [DEBUG  ]  No samples found: pycoqc
[2023-02-09 14:02:19,948] multiqc                                            [DEBUG  ]  No samples found: minionqc
[2023-02-09 14:02:19,951] multiqc                                            [DEBUG  ]  No samples found: multivcfanalyzer
[2023-02-09 14:02:19,955] multiqc                                            [DEBUG  ]  No samples found: clusterflow
[2023-02-09 14:02:19,958] multiqc                                            [DEBUG  ]  No samples found: bcl2fastq
[2023-02-09 14:02:19,961] multiqc                                            [DEBUG  ]  No samples found: interop
[2023-02-09 14:02:19,964] multiqc                                            [DEBUG  ]  No samples found: ivar
[2023-02-09 14:02:19,967] multiqc                                            [DEBUG  ]  No samples found: flash
[2023-02-09 14:02:19,970] multiqc                                            [DEBUG  ]  No samples found: seqyclean
[2023-02-09 14:02:19,974] multiqc                                            [DEBUG  ]  No samples found: optitype
[2023-02-09 14:02:19,986] multiqc                                            [INFO   ]  Compressing plot data
[2023-02-09 14:02:20,180] multiqc                                            [WARNING]  Previous MultiQC output found! Adjusting filenames..
[2023-02-09 14:02:20,180] multiqc                                            [WARNING]  Use -f or --force to overwrite existing reports instead
[2023-02-09 14:02:20,181] multiqc                                            [INFO   ]  Report      : multiqc_report_1.html
[2023-02-09 14:02:20,181] multiqc                                            [INFO   ]  Data        : multiqc_data_1
[2023-02-09 14:02:20,181] multiqc                                            [DEBUG  ]  Moving data file from '/tmp/tmpluc1rtuz/multiqc_data' to '/home/Nikita.Vaulin/Omics/lesson3/multiqc_data_1'
[2023-02-09 14:02:20,263] multiqc                                            [INFO   ]  MultiQC complete
